2025-09-29 09:29:56,164 [INFO] Activator:176 - 


2025-09-29 09:29:56,178 [INFO] Activator:177 - !SESSION log4j initialized
2025-09-29 09:30:03,694 [INFO] LogOutputStream:77 - [STDOUT_REDIRECT] 
2025-09-29 09:30:06,697 [INFO] ApplicationProperties:184 - Using Application install path: C:\ST\STM32CubeIDE_1.14.0\STM32CubeIDE\plugins\com.st.stm32cube.common.mx_6.10.0.202311202037
2025-09-29 09:30:06,725 [INFO] DbMcusXml:78 - Set database path to: C:\ST\STM32CubeIDE_1.14.0\STM32CubeIDE\plugins\com.st.stm32cube.common.mx_6.10.0.202311202037\\db\/mcu/
2025-09-29 09:30:06,725 [INFO] ApiDb:274 - Set plugin database path to: C:\ST\STM32CubeIDE_1.14.0\STM32CubeIDE\plugins\com.st.stm32cube.common.mx_6.10.0.202311202037\\db\/plugins/boardmanager/
2025-09-29 09:30:06,725 [WARN] ApiDb:259 - Overriding images path with different value:  => C:\ST\STM32CubeIDE_1.14.0\STM32CubeIDE\plugins\com.st.stm32cube.common.mx_6.10.0.202311202037\\db\/plugins/mcufinder/images/
2025-09-29 09:30:06,750 [INFO] ApiDb:250 - Set database path to: C:\Users\sfkfa\.stmcufinder\plugins\mcufinder//mcu/
2025-09-29 09:30:06,750 [INFO] DbMcusAds:125 - Set database path to: C:\Users\sfkfa\.stmcufinder\plugins\mcufinder//mcu/
2025-09-29 09:30:06,754 [INFO] CrossReferenceDbSqlite:203 - Set database path to: C:\Users\sfkfa\.stmcufinder\plugins\mcufinder//mcu/cs/
2025-09-29 09:30:06,917 [INFO] RulesReader:64 - Compatibility file has been processed (297 Rules)
2025-09-29 09:30:07,057 [INFO] DbMcusXml:78 - Set database path to: C:\ST\STM32CubeIDE_1.14.0\STM32CubeIDE\plugins\com.st.stm32cube.common.mx_6.10.0.202311202037\\db\/mcu/
2025-09-29 09:30:07,057 [INFO] ApiDb:274 - Set plugin database path to: C:\ST\STM32CubeIDE_1.14.0\STM32CubeIDE\plugins\com.st.stm32cube.common.mx_6.10.0.202311202037\\db\/plugins/boardmanager/
2025-09-29 09:30:07,057 [INFO] ApiDb:261 - Set plugin images path to: C:\ST\STM32CubeIDE_1.14.0\STM32CubeIDE\plugins\com.st.stm32cube.common.mx_6.10.0.202311202037\\db\/plugins/mcufinder/images/
2025-09-29 09:30:07,057 [WARN] DbFile:41 - Overriding database path with different value: C:\Users\sfkfa\.stmcufinder\plugins\mcufinder/ => C:\Users\sfkfa\.stmcufinder\plugins\mcufinder
2025-09-29 09:30:07,057 [INFO] ApiDb:250 - Set database path to: C:\Users\sfkfa\.stmcufinder\plugins\mcufinder//mcu/
2025-09-29 09:30:07,057 [WARN] DbFile:41 - Overriding database path with different value: C:\Users\sfkfa\.stmcufinder\plugins\mcufinder/ => C:\Users\sfkfa\.stmcufinder\plugins\mcufinder
2025-09-29 09:30:07,057 [INFO] DbMcusAds:125 - Set database path to: C:\Users\sfkfa\.stmcufinder\plugins\mcufinder//mcu/
2025-09-29 09:30:07,057 [WARN] DbFile:41 - Overriding database path with different value: C:\Users\sfkfa\.stmcufinder\plugins\mcufinder/ => C:\Users\sfkfa\.stmcufinder\plugins\mcufinder
2025-09-29 09:30:07,057 [WARN] DbFile:41 - Overriding database path with different value: C:\Users\sfkfa\.stmcufinder\plugins\mcufinder/ => C:\Users\sfkfa\.stmcufinder\plugins\mcufinder
2025-09-29 09:30:07,057 [INFO] CrossReferenceDbSqlite:203 - Set database path to: C:\Users\sfkfa\.stmcufinder\plugins\mcufinder//mcu/cs/
2025-09-29 09:30:07,185 [INFO] MainPanel:264 - HeapMemory: 268435456
2025-09-29 09:30:07,343 [INFO] DbMcusXml:78 - Set database path to: C:\ST\STM32CubeIDE_1.14.0\STM32CubeIDE\plugins\com.st.stm32cube.common.mx_6.10.0.202311202037\\db\/mcu/
2025-09-29 09:30:07,343 [INFO] ApiDb:274 - Set plugin database path to: C:\ST\STM32CubeIDE_1.14.0\STM32CubeIDE\plugins\com.st.stm32cube.common.mx_6.10.0.202311202037\\db\/plugins/boardmanager/
2025-09-29 09:30:07,343 [INFO] ApiDb:261 - Set plugin images path to: C:\ST\STM32CubeIDE_1.14.0\STM32CubeIDE\plugins\com.st.stm32cube.common.mx_6.10.0.202311202037\\db\/plugins/mcufinder/images/
2025-09-29 09:30:07,343 [WARN] DbFile:41 - Overriding database path with different value: C:\Users\sfkfa\.stmcufinder\plugins\mcufinder/ => C:\Users\sfkfa\.stmcufinder\plugins\mcufinder
2025-09-29 09:30:07,343 [INFO] ApiDb:250 - Set database path to: C:\Users\sfkfa\.stmcufinder\plugins\mcufinder//mcu/
2025-09-29 09:30:07,343 [WARN] DbFile:41 - Overriding database path with different value: C:\Users\sfkfa\.stmcufinder\plugins\mcufinder/ => C:\Users\sfkfa\.stmcufinder\plugins\mcufinder
2025-09-29 09:30:07,345 [INFO] DbMcusAds:125 - Set database path to: C:\Users\sfkfa\.stmcufinder\plugins\mcufinder//mcu/
2025-09-29 09:30:07,345 [WARN] DbFile:41 - Overriding database path with different value: C:\Users\sfkfa\.stmcufinder\plugins\mcufinder/ => C:\Users\sfkfa\.stmcufinder\plugins\mcufinder
2025-09-29 09:30:07,345 [WARN] DbFile:41 - Overriding database path with different value: C:\Users\sfkfa\.stmcufinder\plugins\mcufinder/ => C:\Users\sfkfa\.stmcufinder\plugins\mcufinder
2025-09-29 09:30:07,345 [INFO] CrossReferenceDbSqlite:203 - Set database path to: C:\Users\sfkfa\.stmcufinder\plugins\mcufinder//mcu/cs/
2025-09-29 09:30:07,369 [INFO] ApplicationProperties:184 - Using Application install path: C:\ST\STM32CubeIDE_1.14.0\STM32CubeIDE\plugins\com.st.stm32cube.common.mx_6.10.0.202311202037
2025-09-29 09:30:07,383 [INFO] PluginManage:196 - Search for loadable plugins [exclusion list=, ]
2025-09-29 09:30:07,385 [INFO] PluginManage:310 - Check plugin analytics
2025-09-29 09:30:07,623 [INFO] AnalyticsPlugin:253 - Accepted Software Licenses: 
2025-09-29 09:30:07,623 [INFO] AnalyticsPlugin:255 - Accepted CMSIS Pack Licenses: 
2025-09-29 09:30:07,623 [INFO] AnalyticsPlugin:257 - Accepted Firmware Licenses: FW.F4.1.28.0,FW.L4.1.18.0
2025-09-29 09:30:07,623 [INFO] PluginManage:359 - Loaded plugin analytics (category:tool,tabindex:-1)
2025-09-29 09:30:07,623 [INFO] PluginManage:310 - Check plugin cadmodel
2025-09-29 09:30:07,655 [INFO] CADModel:105 - Init CAD model plugin
2025-09-29 09:30:07,655 [INFO] PluginManage:359 - Loaded plugin cadmodel (category:power,tabindex:5)
2025-09-29 09:30:07,655 [INFO] PluginManage:310 - Check plugin clock
2025-09-29 09:30:07,686 [INFO] PluginManage:359 - Loaded plugin clock (category:base,tabindex:2)
2025-09-29 09:30:07,686 [INFO] PluginManage:310 - Check plugin ddr
2025-09-29 09:30:07,686 [INFO] PluginManage:359 - Loaded plugin ddr (category:tool,tabindex:6)
2025-09-29 09:30:07,686 [INFO] PluginManage:310 - Check plugin filemanager
2025-09-29 09:30:07,882 [INFO] PluginManage:359 - Loaded plugin filemanager (category:base,tabindex:10)
2025-09-29 09:30:07,882 [INFO] PluginManage:310 - Check plugin ipmanager
2025-09-29 09:30:07,894 [INFO] PluginManage:359 - Loaded plugin ipmanager (category:base,tabindex:5)
2025-09-29 09:30:07,894 [INFO] PluginManage:310 - Check plugin lpbam
2025-09-29 09:30:07,928 [INFO] PluginManage:359 - Loaded plugin lpbam (category:base,tabindex:0)
2025-09-29 09:30:07,930 [INFO] PluginManage:310 - Check plugin memorymap
2025-09-29 09:30:07,960 [INFO] PluginManage:359 - Loaded plugin memorymap (category:base,tabindex:4)
2025-09-29 09:30:07,960 [INFO] PluginManage:310 - Check plugin pinoutandconfiguration
2025-09-29 09:30:07,992 [INFO] PluginManage:359 - Loaded plugin pinoutandconfiguration (category:base,tabindex:1)
2025-09-29 09:30:07,992 [INFO] PluginManage:310 - Check plugin pinoutconfig
2025-09-29 09:30:08,136 [WARN] SupportedApi:132 - Cannot load RTOS API schema: s4s-elt-must-match.1: The content of 'definitions' must match (annotation?, (simpleType | complexType)?, (unique | key | keyref)*)). A problem was found starting at: attribute.
2025-09-29 09:30:08,306 [INFO] PluginManage:359 - Loaded plugin pinoutconfig (category:base,tabindex:0)
2025-09-29 09:30:08,306 [INFO] PluginManage:310 - Check plugin power
2025-09-29 09:30:08,338 [INFO] PluginManage:359 - Loaded plugin power (category:power,tabindex:4)
2025-09-29 09:30:08,338 [INFO] PluginManage:310 - Check plugin projectmanager
2025-09-29 09:30:08,372 [INFO] PluginManage:359 - Loaded plugin projectmanager (category:projectmanager,tabindex:3)
2025-09-29 09:30:08,372 [INFO] PluginManage:310 - Check plugin thirdparty
2025-09-29 09:30:08,801 [INFO] PluginManage:359 - Loaded plugin thirdparty (category:base,tabindex:-1)
2025-09-29 09:30:08,815 [INFO] PluginManage:310 - Check plugin tools
2025-09-29 09:30:08,801 [WARN] IntegrityCheckThread:84 - waiting for thirdparty lock release [integrity check]
2025-09-29 09:30:08,815 [INFO] IntegrityCheckThread:86 - entering critical section [integrity check]
2025-09-29 09:30:08,815 [INFO] ThirdPartyUpdaterWithRetryManager:70 - Updater plugin not ready yet. [1/15]
2025-09-29 09:30:08,886 [INFO] PluginManage:359 - Loaded plugin tools (category:base,tabindex:7)
2025-09-29 09:30:08,886 [INFO] PluginManage:310 - Check plugin tutovideos
2025-09-29 09:30:09,181 [INFO] PluginManage:359 - Loaded plugin tutovideos (category:base,tabindex:-1)
2025-09-29 09:30:09,181 [INFO] PluginManage:310 - Check plugin updater
2025-09-29 09:30:09,201 [INFO] PluginManage:359 - Loaded plugin updater (category:base,tabindex:12)
2025-09-29 09:30:09,201 [INFO] PluginManage:310 - Check plugin userauth
2025-09-29 09:30:09,219 [INFO] UserAuth:114 - Init User Auth plugin
2025-09-29 09:30:09,219 [INFO] PluginManage:359 - Loaded plugin userauth (category:base,tabindex:14)
2025-09-29 09:30:09,219 [INFO] PluginManage:283 - PluginManage : Loaded plugins [17]
2025-09-29 09:30:09,551 [INFO] PinOutPanel:1499 - setPackage(No Configuration,No Configuration)
2025-09-29 09:30:09,708 [INFO] CADModel:165 - CPN selected for project level
2025-09-29 09:30:09,708 [INFO] CADModel:114 - Register for checkConnection events
2025-09-29 09:30:09,742 [INFO] IPUIPlugin:80 - create IPUIPlugin
2025-09-29 09:30:09,742 [INFO] PluginManager:220 - loadIPPluginJar : add adc
2025-09-29 09:30:09,823 [INFO] IPUIPlugin:80 - create IPUIPlugin
2025-09-29 09:30:09,823 [INFO] PluginManager:220 - loadIPPluginJar : add aes
2025-09-29 09:30:09,887 [INFO] IPUIPlugin:80 - create IPUIPlugin
2025-09-29 09:30:09,887 [INFO] PluginManager:220 - loadIPPluginJar : add can
2025-09-29 09:30:09,934 [INFO] IPUIPlugin:80 - create IPUIPlugin
2025-09-29 09:30:09,934 [INFO] PluginManager:220 - loadIPPluginJar : add comp
2025-09-29 09:30:09,997 [INFO] IPUIPlugin:80 - create IPUIPlugin
2025-09-29 09:30:09,997 [INFO] PluginManager:220 - loadIPPluginJar : add cryp
2025-09-29 09:30:10,046 [INFO] IPUIPlugin:80 - create IPUIPlugin
2025-09-29 09:30:10,046 [INFO] PluginManager:220 - loadIPPluginJar : add dfsdm
2025-09-29 09:30:10,060 [INFO] IPUIPlugin:80 - create IPUIPlugin
2025-09-29 09:30:10,060 [INFO] PluginManager:220 - loadIPPluginJar : add dma
2025-09-29 09:30:10,126 [INFO] IPUIPlugin:80 - create IPUIPlugin
2025-09-29 09:30:10,126 [INFO] PluginManager:220 - loadIPPluginJar : add dma3
2025-09-29 09:30:10,173 [INFO] IPUIPlugin:80 - create IPUIPlugin
2025-09-29 09:30:10,173 [INFO] PluginManager:220 - loadIPPluginJar : add fatfs
2025-09-29 09:30:10,250 [INFO] IPUIPlugin:80 - create IPUIPlugin
2025-09-29 09:30:10,250 [INFO] PluginManager:220 - loadIPPluginJar : add fmc
2025-09-29 09:30:10,266 [INFO] IPUIPlugin:80 - create IPUIPlugin
2025-09-29 09:30:10,266 [INFO] PluginManager:220 - loadIPPluginJar : add freertos
2025-09-29 09:30:10,304 [INFO] IPUIPlugin:80 - create IPUIPlugin
2025-09-29 09:30:10,304 [INFO] PluginManager:220 - loadIPPluginJar : add genericplugin
2025-09-29 09:30:10,439 [INFO] IPUIPlugin:80 - create IPUIPlugin
2025-09-29 09:30:10,439 [INFO] PluginManager:220 - loadIPPluginJar : add gfxmmu
2025-09-29 09:30:10,652 [INFO] IPUIPlugin:80 - create IPUIPlugin
2025-09-29 09:30:10,652 [INFO] PluginManager:220 - loadIPPluginJar : add gic
2025-09-29 09:30:10,672 [INFO] IPUIPlugin:80 - create IPUIPlugin
2025-09-29 09:30:10,672 [INFO] PluginManager:220 - loadIPPluginJar : add gpio
2025-09-29 09:30:10,803 [INFO] IPUIPlugin:80 - create IPUIPlugin
2025-09-29 09:30:10,805 [INFO] PluginManager:220 - loadIPPluginJar : add gtzc
2025-09-29 09:30:10,867 [INFO] IPUIPlugin:80 - create IPUIPlugin
2025-09-29 09:30:10,867 [INFO] PluginManager:220 - loadIPPluginJar : add hash
2025-09-29 09:30:10,945 [INFO] IPUIPlugin:80 - create IPUIPlugin
2025-09-29 09:30:10,945 [INFO] PluginManager:220 - loadIPPluginJar : add i2c
2025-09-29 09:30:11,009 [INFO] IPUIPlugin:80 - create IPUIPlugin
2025-09-29 09:30:11,009 [INFO] PluginManager:220 - loadIPPluginJar : add i2s
2025-09-29 09:30:11,083 [INFO] IPUIPlugin:80 - create IPUIPlugin
2025-09-29 09:30:11,083 [INFO] PluginManager:220 - loadIPPluginJar : add i3c
2025-09-29 09:30:11,231 [INFO] IPUIPlugin:80 - create IPUIPlugin
2025-09-29 09:30:11,231 [INFO] PluginManager:220 - loadIPPluginJar : add ipddr
2025-09-29 09:30:11,366 [INFO] IPUIPlugin:80 - create IPUIPlugin
2025-09-29 09:30:11,366 [INFO] PluginManager:220 - loadIPPluginJar : add linkedlist
2025-09-29 09:30:11,423 [INFO] IPUIPlugin:80 - create IPUIPlugin
2025-09-29 09:30:11,423 [INFO] PluginManager:220 - loadIPPluginJar : add lorawan
2025-09-29 09:30:11,476 [INFO] IPUIPlugin:80 - create IPUIPlugin
2025-09-29 09:30:11,476 [INFO] PluginManager:220 - loadIPPluginJar : add ltdc
2025-09-29 09:30:11,504 [INFO] IPUIPlugin:80 - create IPUIPlugin
2025-09-29 09:30:11,504 [INFO] PluginManager:220 - loadIPPluginJar : add mdma
2025-09-29 09:30:11,525 [INFO] IPUIPlugin:80 - create IPUIPlugin
2025-09-29 09:30:11,525 [INFO] PluginManager:220 - loadIPPluginJar : add nvic
2025-09-29 09:30:11,593 [INFO] IPUIPlugin:80 - create IPUIPlugin
2025-09-29 09:30:11,593 [INFO] PluginManager:220 - loadIPPluginJar : add opamp
2025-09-29 09:30:11,720 [INFO] IPUIPlugin:80 - create IPUIPlugin
2025-09-29 09:30:11,720 [INFO] PluginManager:220 - loadIPPluginJar : add openamp
2025-09-29 09:30:11,817 [INFO] IPUIPlugin:80 - create IPUIPlugin
2025-09-29 09:30:11,817 [INFO] PluginManager:220 - loadIPPluginJar : add pdm2pcm
2025-09-29 09:30:11,825 [INFO] ThirdPartyUpdaterWithRetryManager:70 - Updater plugin not ready yet. [2/15]
2025-09-29 09:30:11,850 [INFO] IPUIPlugin:80 - create IPUIPlugin
2025-09-29 09:30:11,854 [INFO] PluginManager:220 - loadIPPluginJar : add plateformsettings
2025-09-29 09:30:11,908 [INFO] IPUIPlugin:80 - create IPUIPlugin
2025-09-29 09:30:11,909 [INFO] PluginManager:220 - loadIPPluginJar : add quadspi
2025-09-29 09:30:11,940 [INFO] IPUIPlugin:80 - create IPUIPlugin
2025-09-29 09:30:11,940 [INFO] PluginManager:220 - loadIPPluginJar : add resmgrutility
2025-09-29 09:30:12,054 [INFO] IPUIPlugin:80 - create IPUIPlugin
2025-09-29 09:30:12,054 [INFO] PluginManager:220 - loadIPPluginJar : add sai
2025-09-29 09:30:12,143 [INFO] IPUIPlugin:80 - create IPUIPlugin
2025-09-29 09:30:12,143 [INFO] PluginManager:220 - loadIPPluginJar : add spi
2025-09-29 09:30:12,308 [INFO] IPUIPlugin:80 - create IPUIPlugin
2025-09-29 09:30:12,308 [INFO] PluginManager:220 - loadIPPluginJar : add stm32_wpan
2025-09-29 09:30:12,416 [INFO] IPUIPlugin:80 - create IPUIPlugin
2025-09-29 09:30:12,416 [INFO] PluginManager:220 - loadIPPluginJar : add tim
2025-09-29 09:30:12,615 [INFO] IPUIPlugin:80 - create IPUIPlugin
2025-09-29 09:30:12,615 [INFO] PluginManager:220 - loadIPPluginJar : add touchsensing
2025-09-29 09:30:12,687 [INFO] IPUIPlugin:80 - create IPUIPlugin
2025-09-29 09:30:12,687 [INFO] PluginManager:220 - loadIPPluginJar : add tracer_emb
2025-09-29 09:30:12,751 [INFO] IPUIPlugin:80 - create IPUIPlugin
2025-09-29 09:30:12,751 [INFO] PluginManager:220 - loadIPPluginJar : add ts
2025-09-29 09:30:12,808 [INFO] IPUIPlugin:80 - create IPUIPlugin
2025-09-29 09:30:12,808 [INFO] PluginManager:220 - loadIPPluginJar : add tsc
2025-09-29 09:30:12,862 [INFO] IPUIPlugin:80 - create IPUIPlugin
2025-09-29 09:30:12,862 [INFO] PluginManager:220 - loadIPPluginJar : add ucpd
2025-09-29 09:30:12,983 [INFO] IPUIPlugin:80 - create IPUIPlugin
2025-09-29 09:30:12,983 [INFO] PluginManager:220 - loadIPPluginJar : add usart
2025-09-29 09:30:13,089 [INFO] IPUIPlugin:80 - create IPUIPlugin
2025-09-29 09:30:13,089 [INFO] PluginManager:220 - loadIPPluginJar : add usbx
2025-09-29 09:30:13,247 [INFO] CADModel:165 - CPN selected for project level
2025-09-29 09:30:13,247 [INFO] CADModel:114 - Register for checkConnection events
2025-09-29 09:30:13,247 [FATAL] Updater:308 - Updater called before beeing initialized
2025-09-29 09:30:13,247 [ERROR] CADModel:125 - Updater not yet initialized, retry later 
2025-09-29 09:30:13,472 [INFO] CADModel:165 - CPN selected for project level
2025-09-29 09:30:13,472 [INFO] CADModel:114 - Register for checkConnection events
2025-09-29 09:30:13,472 [FATAL] Updater:308 - Updater called before beeing initialized
2025-09-29 09:30:13,472 [ERROR] CADModel:125 - Updater not yet initialized, retry later 
2025-09-29 09:30:13,476 [FATAL] Updater:308 - Updater called before beeing initialized
2025-09-29 09:30:13,640 [FATAL] Updater:308 - Updater called before beeing initialized
2025-09-29 09:30:13,658 [INFO] DbMcusAds:53 - JSON generation date=Tue Jul 08 13:44:23 IST 2025 (1751962463524)
2025-09-29 09:30:13,658 [FATAL] Updater:308 - Updater called before beeing initialized
2025-09-29 09:30:13,772 [WARN] DetailPanel:346 - Failed to get advertising image, set to default
2025-09-29 09:30:13,887 [FATAL] Updater:308 - Updater called before beeing initialized
2025-09-29 09:30:13,901 [FATAL] Updater:308 - Updater called before beeing initialized
2025-09-29 09:30:13,901 [FATAL] Updater:308 - Updater called before beeing initialized
2025-09-29 09:30:13,901 [WARN] DetailPanel:346 - Failed to get advertising image, set to default
2025-09-29 09:30:13,901 [FATAL] Updater:308 - Updater called before beeing initialized
2025-09-29 09:30:13,988 [ERROR] Updater:1120 - MainUpdater not yet initialized. External WinMGr cannot be set.
2025-09-29 09:30:14,000 [INFO] Updater:1056 - Updater Version found : 6.10.0
2025-09-29 09:30:14,015 [INFO] ApplicationProperties:184 - Using Application install path: C:\ST\STM32CubeIDE_1.14.0\STM32CubeIDE\plugins\com.st.stm32cube.common.mx_6.10.0.202311202037
2025-09-29 09:30:14,424 [INFO] MainUpdater:2873 - connection check result : 10
2025-09-29 09:30:14,424 [INFO] MainUpdater:3567 - Updater definition file requires update
2025-09-29 09:30:14,424 [INFO] MainUpdater:290 - Updater Check For Update Now.
2025-09-29 09:30:14,424 [INFO] MicroXplorer:498 - Change Database Version : DB.6.0.100
2025-09-29 09:30:14,457 [INFO] McuFinderGlobals:63 - Set McuFinder mode to 2 (CubeIDE integrated)
2025-09-29 09:30:14,457 [INFO] ServerAccessManage:473 - Download File updaters.zip
2025-09-29 09:30:14,555 [INFO] FileExtend:240 - Unzip File : updaters.zip
2025-09-29 09:30:14,555 [INFO] FileExtend:255 - Standard Zip Deflate
2025-09-29 09:30:14,839 [WARN] MainUpdater:1194 - Updater busy. Cannot search thirdparties
2025-09-29 09:30:14,839 [INFO] ThirdPartyUpdaterWithRetryManager:96 - Updater plugin is busy. [1/15]
2025-09-29 09:30:15,010 [INFO] UserAuth:404 - Internet connection configuration mode: 1
2025-09-29 09:30:15,106 [INFO] JxBrowserEngine:152 - Initiate JxBrowser Engine with user profile folder
2025-09-29 09:30:16,186 [INFO] ServerAccessManage:473 - Download File PacksControlFlags.xml
2025-09-29 09:30:16,264 [INFO] ServerAccessManage:473 - Download File cubemx.pidx
2025-09-29 09:30:17,151 [INFO] ServerAccessManage:473 - Download File STMicroelectronics.X-CUBE-FREERTOS.pdsc
2025-09-29 09:30:17,847 [WARN] MainUpdater:1194 - Updater busy. Cannot search thirdparties
2025-09-29 09:30:17,847 [INFO] ThirdPartyUpdaterWithRetryManager:96 - Updater plugin is busy. [2/15]
2025-09-29 09:30:18,934 [WARN] PackLoader:240 - Cannot read IP mode file for STMicroelectronics.X-CUBE-FREERTOS.1.3.1
2025-09-29 09:30:18,937 [INFO] PopulateThirdPartyThread:66 - Ending populate Thread
2025-09-29 09:30:18,939 [INFO] ThirdParty:1030 - CMSIS Pack Vendor :STMicroelectronics X-CUBE-FREERTOS 1.3.1
2025-09-29 09:30:18,941 [INFO] LoadServerUpdatesThread:375 - End of LoadServerUpdate Thread
2025-09-29 09:30:19,085 [INFO] CheckServerUpdateThread:120 - End of CheckServer Thread
2025-09-29 09:30:20,420 [INFO] WebApp:161 - Instantiating new browser for Auth
2025-09-29 09:30:21,234 [INFO] WebApp:780 - Register for checkConnection events
2025-09-29 09:30:21,234 [INFO] WebApp:414 - Apply proxy settings
2025-09-29 09:30:21,235 [INFO] WebApp:499 - Chromium requires no authentication
2025-09-29 09:30:21,246 [INFO] WebApp:442 - Direct internet connection detected
2025-09-29 09:30:21,334 [WARN] PackLoader:240 - Cannot read IP mode file for STMicroelectronics.FP-SNS-MOTENVWB1.1.4.0
2025-09-29 09:30:21,342 [WARN] PackLoader:240 - Cannot read IP mode file for STMicroelectronics.FP-ATR-ASTRA1.2.0.2
2025-09-29 09:30:21,362 [WARN] PackLoader:240 - Cannot read IP mode file for STMicroelectronics.FP-ATR-ASTRA1.2.0.1
2025-09-29 09:30:21,384 [WARN] PackLoader:240 - Cannot read IP mode file for STMicroelectronics.X-CUBE-SMBUS.2.1.0
2025-09-29 09:30:21,399 [WARN] PackLoader:240 - Cannot read IP mode file for STMicroelectronics.X-CUBE-WB05N.1.1.0
2025-09-29 09:30:21,423 [ERROR] Engine:466 - C:\Users\sfkfa\.stm32cubemx\thirdparties\pdsc\STMicroelectronics.X-CUBE-ST60.1.0.0.pdsc: PDSC version is not supported
2025-09-29 09:30:21,444 [WARN] PackLoader:240 - Cannot read IP mode file for STMicroelectronics.X-CUBE-TOUCHGFX.4.23.1
2025-09-29 09:30:21,491 [WARN] PackLoader:240 - Cannot read IP mode file for STMicroelectronics.X-CUBE-AZRTOS-F7.1.1.0
2025-09-29 09:30:21,522 [WARN] PackLoader:240 - Cannot read IP mode file for STMicroelectronics.FP-SNS-MOTENV1.4.3.2
2025-09-29 09:30:21,538 [INFO] WebApp:192 - Starting web application
2025-09-29 09:30:21,539 [INFO] WebApp:544 - Web application path used C:\ST\STM32CubeIDE_1.14.0\STM32CubeIDE\plugins\com.st.stm32cube.common.mx_6.10.0.202311202037\db\plugins\mcufinder\reactClient1\index.html
2025-09-29 09:30:21,627 [WARN] PackLoader:240 - Cannot read IP mode file for STMicroelectronics.X-CUBE-MEMS1.11.0.0
2025-09-29 09:30:21,800 [WARN] PackLoader:240 - Cannot read IP mode file for STMicroelectronics.FP-SNS-FLIGHT1.5.0.2
2025-09-29 09:30:21,857 [WARN] PackLoader:240 - Cannot read IP mode file for STMicroelectronics.X-CUBE-AZRTOS-H7.3.4.0
2025-09-29 09:30:21,897 [WARN] PackLoader:240 - Cannot read IP mode file for STMicroelectronics.X-CUBE-DISPLAY.3.0.0
2025-09-29 09:30:21,936 [WARN] PackLoader:240 - Cannot read IP mode file for STMicroelectronics.X-CUBE-BLE1.7.0.0
2025-09-29 09:30:21,985 [WARN] PackLoader:240 - Cannot read IP mode file for STMicroelectronics.X-CUBE-NFC10.1.0.0
2025-09-29 09:30:22,026 [WARN] PackLoader:240 - Cannot read IP mode file for STMicroelectronics.X-CUBE-BLEMGR.4.0.0
2025-09-29 09:30:22,073 [WARN] PackLoader:240 - Cannot read IP mode file for emotas.I-CUBE-CANOPEN.1.3.0
2025-09-29 09:30:22,110 [WARN] PackLoader:240 - Cannot read IP mode file for STMicroelectronics.X-CUBE-BLEMGR.3.1.0
2025-09-29 09:30:22,147 [WARN] PackLoader:240 - Cannot read IP mode file for STMicroelectronics.X-CUBE-AI.10.0.0
2025-09-29 09:30:22,177 [ERROR] Engine:466 - C:\Users\sfkfa\.stm32cubemx\thirdparties\pdsc\STMicroelectronics.FP-SNS-STBOX1.2.1.0.pdsc: PDSC version is not supported
2025-09-29 09:30:22,206 [WARN] PackLoader:240 - Cannot read IP mode file for STMicroelectronics.FP-SNS-SMARTAG2.1.2.0
2025-09-29 09:30:22,212 [ERROR] Engine:466 - C:\Users\sfkfa\.stm32cubemx\thirdparties\pdsc\STMicroelectronics.FP-SNS-FLIGHT1.5.1.0.pdsc: PDSC version is not supported
2025-09-29 09:30:22,289 [WARN] PackLoader:240 - Cannot read IP mode file for STMicroelectronics.X-CUBE-MEMS1.11.1.0
2025-09-29 09:30:22,486 [INFO] LogOutputStream:77 - [STDOUT_REDIRECT] 1 : Invalid condition id : UX_CORESTACK_Condition cause : null
2025-09-29 09:30:22,487 [INFO] LogOutputStream:77 - [STDOUT_REDIRECT] 1 : Invalid condition id : UX_CORESTACK_Condition cause : null
2025-09-29 09:30:22,488 [INFO] LogOutputStream:77 - [STDOUT_REDIRECT] 1 : Invalid condition id : UX_CORESTACK_Condition cause : null
2025-09-29 09:30:22,490 [INFO] LogOutputStream:77 - [STDOUT_REDIRECT] 1 : Invalid condition id : UX_CORESTACK_Condition cause : null
2025-09-29 09:30:22,492 [INFO] LogOutputStream:77 - [STDOUT_REDIRECT] 1 : Invalid condition id : UX_CORESTACK_Condition cause : null
2025-09-29 09:30:22,496 [WARN] PackLoader:240 - Cannot read IP mode file for STMicroelectronics.X-CUBE-AZRTOS-WL.2.0.0
2025-09-29 09:30:22,527 [WARN] PackLoader:240 - Cannot read IP mode file for STMicroelectronics.FP-SNS-MOTENV1.5.0.0
2025-09-29 09:30:22,537 [WARN] PackLoader:240 - Cannot read IP mode file for wolfSSL.I-CUBE-wolfMQTT.1.19.0
2025-09-29 09:30:22,560 [WARN] PackLoader:240 - Cannot read IP mode file for WES.I-CUBE-Cesium.1.3.0
2025-09-29 09:30:22,585 [WARN] PackLoader:240 - Cannot read IP mode file for STMicroelectronics.X-CUBE-BLE2.3.3.0
2025-09-29 09:30:22,612 [WARN] PackLoader:240 - Cannot read IP mode file for STMicroelectronics.X-CUBE-NFC9.1.0.0
2025-09-29 09:30:22,636 [WARN] PackLoader:240 - Cannot read IP mode file for STMicroelectronics.X-CUBE-BLE1.7.1.0
2025-09-29 09:30:22,668 [WARN] PackLoader:240 - Cannot read IP mode file for STMicroelectronics.X-CUBE-TCPP.4.1.0
2025-09-29 09:30:22,695 [WARN] PackLoader:240 - Cannot read IP mode file for STMicroelectronics.X-CUBE-EEPRMA1.5.2.0
2025-09-29 09:30:22,719 [WARN] PackLoader:240 - Cannot read IP mode file for STMicroelectronics.X-CUBE-ALGOBUILD.1.3.0
2025-09-29 09:30:22,787 [WARN] PackLoader:240 - Cannot read IP mode file for STMicroelectronics.X-CUBE-MEMS1.11.2.0
2025-09-29 09:30:22,911 [WARN] PackLoader:240 - Cannot read IP mode file for STMicroelectronics.X-CUBE-AZRTOS-G0.1.1.0
2025-09-29 09:30:22,939 [WARN] PackLoader:240 - Cannot read IP mode file for STMicroelectronics.X-CUBE-SAFEA1.1.2.2
2025-09-29 09:30:22,960 [WARN] PackLoader:240 - Cannot read IP mode file for STMicroelectronics.X-CUBE-NFC4.3.0.0
2025-09-29 09:30:22,986 [WARN] PackLoader:240 - Cannot read IP mode file for EmbeddedOffice.I-CUBE-FS-RTOS.1.0.1
2025-09-29 09:30:22,986 [ERROR] ConditionMgr:805 - Attr not supported : Dmpu
2025-09-29 09:30:22,986 [ERROR] ConditionMgr:805 - Attr not supported : Dmpu
2025-09-29 09:30:22,986 [ERROR] ConditionMgr:805 - Attr not supported : Dmpu
2025-09-29 09:30:22,986 [ERROR] ConditionMgr:805 - Attr not supported : Dmpu
2025-09-29 09:30:22,986 [ERROR] ConditionMgr:805 - Attr not supported : Dmpu
2025-09-29 09:30:22,986 [ERROR] ConditionMgr:805 - Attr not supported : Dmpu
2025-09-29 09:30:22,987 [ERROR] ConditionMgr:805 - Attr not supported : Dmpu
2025-09-29 09:30:22,987 [ERROR] ConditionMgr:805 - Attr not supported : Dmpu
2025-09-29 09:30:22,987 [ERROR] ConditionMgr:805 - Attr not supported : Dmpu
2025-09-29 09:30:22,987 [ERROR] ConditionMgr:805 - Attr not supported : Dmpu
2025-09-29 09:30:22,987 [ERROR] ConditionMgr:805 - Attr not supported : Dmpu
2025-09-29 09:30:22,987 [ERROR] ConditionMgr:805 - Attr not supported : Dmpu
2025-09-29 09:30:22,987 [ERROR] ConditionMgr:805 - Attr not supported : Dmpu
2025-09-29 09:30:22,987 [ERROR] ConditionMgr:805 - Attr not supported : Dmpu
2025-09-29 09:30:22,987 [ERROR] ConditionMgr:805 - Attr not supported : Dmpu
2025-09-29 09:30:22,987 [ERROR] ConditionMgr:805 - Attr not supported : Dmpu
2025-09-29 09:30:22,987 [ERROR] ConditionMgr:805 - Attr not supported : Dmpu
2025-09-29 09:30:22,987 [ERROR] ConditionMgr:805 - Attr not supported : Dmpu
2025-09-29 09:30:22,987 [ERROR] ConditionMgr:805 - Attr not supported : Dmpu
2025-09-29 09:30:22,987 [ERROR] ConditionMgr:805 - Attr not supported : Dmpu
2025-09-29 09:30:22,987 [ERROR] ConditionMgr:805 - Attr not supported : Dmpu
2025-09-29 09:30:22,987 [ERROR] ConditionMgr:805 - Attr not supported : Dmpu
2025-09-29 09:30:22,987 [ERROR] ConditionMgr:805 - Attr not supported : Dmpu
2025-09-29 09:30:22,987 [ERROR] ConditionMgr:805 - Attr not supported : Dmpu
2025-09-29 09:30:22,987 [ERROR] ConditionMgr:805 - Attr not supported : Dmpu
2025-09-29 09:30:22,987 [ERROR] ConditionMgr:805 - Attr not supported : Dmpu
2025-09-29 09:30:22,987 [ERROR] ConditionMgr:805 - Attr not supported : Dmpu
2025-09-29 09:30:22,988 [ERROR] ConditionMgr:805 - Attr not supported : Dmpu
2025-09-29 09:30:22,988 [ERROR] ConditionMgr:805 - Attr not supported : Dmpu
2025-09-29 09:30:22,988 [ERROR] ConditionMgr:805 - Attr not supported : Dmpu
2025-09-29 09:30:22,988 [ERROR] ConditionMgr:805 - Attr not supported : Dmpu
2025-09-29 09:30:22,988 [ERROR] ConditionMgr:805 - Attr not supported : Dmpu
2025-09-29 09:30:22,988 [ERROR] ConditionMgr:805 - Attr not supported : Dmpu
2025-09-29 09:30:22,988 [ERROR] ConditionMgr:805 - Attr not supported : Dmpu
2025-09-29 09:30:22,988 [ERROR] ConditionMgr:805 - Attr not supported : Dmpu
2025-09-29 09:30:22,988 [ERROR] ConditionMgr:805 - Attr not supported : Dmpu
2025-09-29 09:30:22,988 [ERROR] ConditionMgr:805 - Attr not supported : Dmpu
2025-09-29 09:30:22,988 [ERROR] ConditionMgr:805 - Attr not supported : Dmpu
2025-09-29 09:30:22,988 [ERROR] ConditionMgr:805 - Attr not supported : Dmpu
2025-09-29 09:30:22,988 [ERROR] ConditionMgr:805 - Attr not supported : Dmpu
2025-09-29 09:30:22,988 [ERROR] ConditionMgr:805 - Attr not supported : Dmpu
2025-09-29 09:30:22,988 [ERROR] ConditionMgr:805 - Attr not supported : Dmpu
2025-09-29 09:30:22,988 [ERROR] ConditionMgr:805 - Attr not supported : Dmpu
2025-09-29 09:30:22,988 [ERROR] ConditionMgr:805 - Attr not supported : Dmpu
2025-09-29 09:30:22,988 [ERROR] ConditionMgr:805 - Attr not supported : Dmpu
2025-09-29 09:30:22,988 [ERROR] ConditionMgr:805 - Attr not supported : Dmpu
2025-09-29 09:30:22,988 [ERROR] ConditionMgr:805 - Attr not supported : Dmpu
2025-09-29 09:30:22,989 [ERROR] ConditionMgr:805 - Attr not supported : Dmpu
2025-09-29 09:30:22,989 [ERROR] ConditionMgr:805 - Attr not supported : Dmpu
2025-09-29 09:30:22,989 [ERROR] ConditionMgr:805 - Attr not supported : Dmpu
2025-09-29 09:30:22,989 [ERROR] ConditionMgr:805 - Attr not supported : Dmpu
2025-09-29 09:30:22,989 [ERROR] ConditionMgr:805 - Attr not supported : Dmpu
2025-09-29 09:30:22,989 [ERROR] ConditionMgr:805 - Attr not supported : Dmpu
2025-09-29 09:30:22,989 [ERROR] ConditionMgr:805 - Attr not supported : Dmpu
2025-09-29 09:30:22,989 [ERROR] ConditionMgr:805 - Attr not supported : Dmpu
2025-09-29 09:30:22,989 [ERROR] ConditionMgr:805 - Attr not supported : Dmpu
2025-09-29 09:30:22,989 [ERROR] ConditionMgr:805 - Attr not supported : Dmpu
2025-09-29 09:30:22,989 [ERROR] ConditionMgr:805 - Attr not supported : Dmpu
2025-09-29 09:30:22,989 [ERROR] ConditionMgr:805 - Attr not supported : Dmpu
2025-09-29 09:30:22,989 [ERROR] ConditionMgr:805 - Attr not supported : Dmpu
2025-09-29 09:30:22,989 [ERROR] ConditionMgr:805 - Attr not supported : Dmpu
2025-09-29 09:30:22,989 [ERROR] ConditionMgr:805 - Attr not supported : Dmpu
2025-09-29 09:30:22,989 [ERROR] ConditionMgr:805 - Attr not supported : Dmpu
2025-09-29 09:30:22,989 [ERROR] ConditionMgr:805 - Attr not supported : Dmpu
2025-09-29 09:30:23,010 [WARN] PackLoader:240 - Cannot read IP mode file for STMicroelectronics.X-CUBE-WB05N.2.0.0
2025-09-29 09:30:23,039 [WARN] PackLoader:240 - Cannot read IP mode file for STMicroelectronics.X-CUBE-BLEMGR.3.0.0
2025-09-29 09:30:23,063 [ERROR] Engine:466 - C:\Users\sfkfa\.stm32cubemx\thirdparties\pdsc\STMicroelectronics.X-CUBE-TCPP.4.2.0.pdsc: PDSC version is not supported
2025-09-29 09:30:23,084 [WARN] PackLoader:240 - Cannot read IP mode file for RealThread.X-CUBE-RT-Thread_Nano.4.1.1
2025-09-29 09:30:23,101 [WARN] PackLoader:240 - Cannot read IP mode file for wolfSSL.I-CUBE-wolfSSL.5.7.0
2025-09-29 09:30:23,109 [WARN] PackLoader:240 - Cannot read IP mode file for STMicroelectronics.FP-ATR-SIGFOX1.3.2.0
2025-09-29 09:30:23,118 [WARN] ConditionMgr:438 - getConditionDescription Invalid condition id : Cortex-A Device cause : null
2025-09-29 09:30:23,162 [WARN] ConditionMgr:1039 - genDependencies : Invalid condition id : Cortex-A Device cause : null
2025-09-29 09:30:23,162 [WARN] ConditionMgr:1039 - genDependencies : Invalid condition id : Cortex-A Device cause : null
2025-09-29 09:30:23,162 [WARN] ConditionMgr:1039 - genDependencies : Invalid condition id : Cortex-A Device cause : null
2025-09-29 09:30:23,188 [WARN] PackLoader:240 - Cannot read IP mode file for STMicroelectronics.X-CUBE-EEPRMA1.5.1.0
2025-09-29 09:30:23,217 [WARN] PackLoader:240 - Cannot read IP mode file for ITTIA_DB.I-CUBE-ITTIADB.8.9.0
2025-09-29 09:30:23,234 [ERROR] Engine:466 - C:\Users\sfkfa\.stm32cubemx\thirdparties\pdsc\STMicroelectronics.X-CUBE-ST67W61.1.0.0.pdsc: PDSC version is not supported
2025-09-29 09:30:23,252 [WARN] PackLoader:240 - Cannot read IP mode file for STMicroelectronics.X-CUBE-AI.10.2.0
2025-09-29 09:30:23,292 [WARN] PackLoader:240 - Cannot read IP mode file for SEGGER.I-CUBE-embOS.1.3.1
2025-09-29 09:30:23,341 [WARN] PackLoader:240 - Cannot read IP mode file for STMicroelectronics.X-CUBE-ALGOBUILD.1.4.0
2025-09-29 09:30:23,401 [WARN] PackLoader:240 - Cannot read IP mode file for STMicroelectronics.X-CUBE-MEMS1.11.3.0
2025-09-29 09:30:23,514 [WARN] PackLoader:240 - Cannot read IP mode file for STMicroelectronics.X-CUBE-AI.9.1.0
2025-09-29 09:30:23,537 [WARN] PackLoader:240 - Cannot read IP mode file for STMicroelectronics.X-CUBE-PM33A1.1.0.0
2025-09-29 09:30:23,562 [WARN] PackLoader:240 - Cannot read IP mode file for STMicroelectronics.X-CUBE-GNSS1.6.0.0
2025-09-29 09:30:23,599 [WARN] PackLoader:240 - Cannot read IP mode file for STMicroelectronics.X-CUBE-AZRTOS-F4.1.1.0
2025-09-29 09:30:23,617 [ERROR] Engine:466 - C:\Users\sfkfa\.stm32cubemx\thirdparties\pdsc\Avnet-IotConnect.X-CUBE-IoTC-DA16k-PMOD.1.0.0.pdsc: PDSC version is not supported
2025-09-29 09:30:23,638 [WARN] PackLoader:240 - Cannot read IP mode file for STMicroelectronics.X-CUBE-ISPU.2.1.0
2025-09-29 09:30:23,657 [WARN] PackLoader:240 - Cannot read IP mode file for STMicroelectronics.X-CUBE-FREERTOS.1.2.0
2025-09-29 09:30:23,682 [WARN] PackLoader:240 - Cannot read IP mode file for STMicroelectronics.X-CUBE-NFC12.1.0.0
2025-09-29 09:30:23,724 [WARN] PackLoader:240 - Cannot read IP mode file for STMicroelectronics.X-CUBE-AZRTOS-L5.2.0.0
2025-09-29 09:30:23,748 [WARN] PackLoader:240 - Cannot read IP mode file for STMicroelectronics.X-CUBE-NFC6.3.1.0
2025-09-29 09:30:23,771 [WARN] PackLoader:240 - Cannot read IP mode file for STMicroelectronics.X-CUBE-DPower.1.2.0
2025-09-29 09:30:23,790 [WARN] PackLoader:240 - Cannot read IP mode file for STMicroelectronics.X-CUBE-AI.9.0.0
2025-09-29 09:30:23,795 [WARN] PackLoader:240 - Cannot read IP mode file for STMicroelectronics.X-CUBE-FREERTOS.1.3.1
2025-09-29 09:30:23,815 [WARN] PackLoader:240 - Cannot read IP mode file for STMicroelectronics.X-CUBE-FREERTOS.1.3.0
2025-09-29 09:30:23,836 [WARN] PackLoader:240 - Cannot read IP mode file for STMicroelectronics.X-CUBE-NFC7.1.0.1
2025-09-29 09:30:23,855 [ERROR] Engine:466 - C:\Users\sfkfa\.stm32cubemx\thirdparties\pdsc\STMicroelectronics.FP-SNS-STAIOTCFT.1.0.0.pdsc: PDSC version is not supported
2025-09-29 09:30:23,879 [WARN] PackLoader:240 - Cannot read IP mode file for STMicroelectronics.X-CUBE-DPower.1.3.0
2025-09-29 09:30:23,900 [WARN] PackLoader:240 - Cannot read IP mode file for STMicroelectronics.X-CUBE-AI.8.1.0
2025-09-29 09:30:23,948 [WARN] ConditionMgr:438 - getConditionDescription Invalid condition id : LAN8742 Phy interface Condition cause : null
2025-09-29 09:30:23,950 [WARN] PackLoader:240 - Cannot read IP mode file for STMicroelectronics.X-CUBE-AZRTOS-L4.2.0.0
2025-09-29 09:30:23,951 [WARN] ConditionMgr:1039 - genDependencies : Invalid condition id : LAN8742 Phy interface Condition cause : null
2025-09-29 09:30:23,951 [WARN] ConditionMgr:1039 - genDependencies : Invalid condition id : LAN8742 Phy interface Condition cause : null
2025-09-29 09:30:23,952 [WARN] ConditionMgr:1039 - genDependencies : Invalid condition id : LAN8742 Phy interface Condition cause : null
2025-09-29 09:30:23,976 [WARN] PackLoader:240 - Cannot read IP mode file for STMicroelectronics.X-CUBE-SFXS2LP1.4.0.0
2025-09-29 09:30:24,041 [WARN] PackLoader:240 - Cannot read IP mode file for STMicroelectronics.X-CUBE-AZRTOS-H7.3.3.0
2025-09-29 09:30:24,075 [ERROR] Engine:466 - C:\Users\sfkfa\.stm32cubemx\thirdparties\pdsc\STMicroelectronics.X-CUBE-BLEMGR.4.1.0.pdsc: PDSC version is not supported
2025-09-29 09:30:24,120 [WARN] PackLoader:240 - Cannot read IP mode file for STMicroelectronics.X-CUBE-IPS.3.0.0
2025-09-29 09:30:24,156 [WARN] ConditionMgr:438 - getConditionDescription Invalid condition id : UX DEVICE CLASS RTOS Condition cause : null
2025-09-29 09:30:24,156 [WARN] ConditionMgr:438 - getConditionDescription Invalid condition id : UX DEVICE CLASS RTOS Condition cause : null
2025-09-29 09:30:24,158 [WARN] PackLoader:240 - Cannot read IP mode file for STMicroelectronics.X-CUBE-AZRTOS-WB.2.0.0
2025-09-29 09:30:24,159 [WARN] ConditionMgr:1039 - genDependencies : Invalid condition id : UX DEVICE CLASS RTOS Condition cause : null
2025-09-29 09:30:24,159 [WARN] ConditionMgr:1039 - genDependencies : Invalid condition id : UX DEVICE CLASS RTOS Condition cause : null
2025-09-29 09:30:24,159 [WARN] ConditionMgr:1039 - genDependencies : Invalid condition id : UX DEVICE CLASS RTOS Condition cause : null
2025-09-29 09:30:24,159 [WARN] ConditionMgr:1039 - genDependencies : Invalid condition id : UX DEVICE CLASS RTOS Condition cause : null
2025-09-29 09:30:24,159 [WARN] ConditionMgr:1039 - genDependencies : Invalid condition id : UX DEVICE CLASS RTOS Condition cause : null
2025-09-29 09:30:24,186 [WARN] PackLoader:240 - Cannot read IP mode file for STMicroelectronics.X-CUBE-GNSS1.7.0.0
2025-09-29 09:30:24,215 [WARN] PackLoader:240 - Cannot read IP mode file for STMicroelectronics.X-CUBE-GNSS1.7.0.1
2025-09-29 09:30:24,241 [WARN] PackLoader:240 - Cannot read IP mode file for STMicroelectronics.X-CUBE-TOUCHGFX.4.25.0
2025-09-29 09:30:24,267 [WARN] PackLoader:240 - Cannot read IP mode file for STMicroelectronics.FP-SNS-STBOX1.2.0.0
2025-09-29 09:30:24,294 [WARN] PackLoader:240 - Cannot read IP mode file for STMicroelectronics.X-CUBE-SUBG2.5.0.0
2025-09-29 09:30:24,346 [WARN] PackLoader:240 - Cannot read IP mode file for STMicroelectronics.X-CUBE-AZRTOS-H7RS.1.1.0
2025-09-29 09:30:24,357 [WARN] PackLoader:240 - Cannot read IP mode file for Cesanta.I-CUBE-Mongoose.7.13.0
2025-09-29 09:30:24,394 [WARN] PackLoader:240 - Cannot read IP mode file for STMicroelectronics.X-CUBE-AZRTOS-G4.2.0.0
2025-09-29 09:30:24,416 [WARN] PackLoader:240 - Cannot read IP mode file for STMicroelectronics.X-CUBE-NFC7.2.0.0
2025-09-29 09:30:24,440 [WARN] PackLoader:240 - Cannot read IP mode file for STMicroelectronics.FP-SNS-MOTENVWB1.1.3.1
2025-09-29 09:30:24,462 [WARN] PackLoader:240 - Cannot read IP mode file for STMicroelectronics.X-CUBE-ISPU.2.0.0
2025-09-29 09:30:24,483 [ERROR] Engine:466 - C:\Users\sfkfa\.stm32cubemx\thirdparties\pdsc\STMicroelectronics.X-CUBE-IPS.3.1.0.pdsc: PDSC version is not supported
2025-09-29 09:30:24,503 [WARN] PackLoader:240 - Cannot read IP mode file for STMicroelectronics.X-CUBE-ALS.1.0.2
2025-09-29 09:30:24,556 [WARN] PackLoader:240 - Cannot read IP mode file for STMicroelectronics.X-CUBE-MEMS1.10.0.0
2025-09-29 09:30:24,667 [WARN] PackLoader:240 - Cannot read IP mode file for STMicroelectronics.X-CUBE-FREERTOS.1.1.0
2025-09-29 09:30:24,689 [WARN] PackLoader:240 - Cannot read IP mode file for STMicroelectronics.X-CUBE-TOUCHGFX.4.24.0
2025-09-29 09:30:24,713 [WARN] PackLoader:240 - Cannot read IP mode file for STMicroelectronics.X-CUBE-TOUCHGFX.4.24.2
2025-09-29 09:30:24,735 [WARN] PackLoader:240 - Cannot read IP mode file for STMicroelectronics.X-CUBE-TOUCHGFX.4.24.1
2025-09-29 09:30:24,759 [WARN] PackLoader:240 - Cannot read IP mode file for STMicroelectronics.X-CUBE-STSE01.1.0.0
2025-09-29 09:30:24,767 [WARN] PackLoader:240 - Cannot read IP mode file for wolfSSL.I-CUBE-wolfTPM.3.4.0
2025-09-29 09:30:24,797 [WARN] PackLoader:240 - Cannot read IP mode file for portGmbH.I-Cube-SoM-uGOAL.1.1.0
2025-09-29 09:30:24,819 [WARN] PackLoader:240 - Cannot read IP mode file for STMicroelectronics.X-CUBE-ALS.1.0.1
2025-09-29 09:30:24,858 [WARN] PackLoader:240 - Cannot read IP mode file for STMicroelectronics.X-CUBE-AZRTOS-H7RS.1.0.0
2025-09-29 09:30:24,882 [WARN] PackLoader:240 - Cannot read IP mode file for STMicroelectronics.FP-ATR-ASTRA1.2.0.0
2025-09-29 09:30:24,909 [WARN] PackLoader:240 - Cannot read IP mode file for STMicroelectronics.X-CUBE-TOF1.3.4.2
2025-09-29 09:30:24,938 [ERROR] Engine:466 - C:\Users\sfkfa\.stm32cubemx\thirdparties\pdsc\STMicroelectronics.X-CUBE-TOF1.3.4.3.pdsc: PDSC version is not supported
2025-09-29 09:30:24,964 [WARN] PackLoader:240 - Cannot read IP mode file for STMicroelectronics.X-CUBE-TOF1.3.4.1
2025-09-29 09:30:25,017 [WARN] PackLoader:240 - Cannot read IP mode file for STMicroelectronics.X-CUBE-AZRTOS-H7.3.2.0
2025-09-29 09:30:25,052 [WARN] PackLoader:240 - Cannot read IP mode file for Infineon.AIROC-Wi-Fi-Bluetooth-STM32.1.6.0
2025-09-29 09:30:25,063 [WARN] PackLoader:240 - Cannot read IP mode file for wolfSSL.I-CUBE-wolfSSH.1.4.17
2025-09-29 09:30:25,064 [INFO] ThirdParty:978 - Integrity check success = true
2025-09-29 09:30:25,064 [INFO] IntegrityCheckThread:100 - exiting critical section [integrity check]
2025-09-29 09:30:25,064 [INFO] IntegrityCheckThread:103 - End integrity checks thread
2025-09-29 09:30:42,978 [ERROR] LogOutputStream:75 - [STDERR_REDIRECT] SLF4J: Failed to load class "org.slf4j.impl.StaticLoggerBinder".
2025-09-29 09:30:42,979 [ERROR] LogOutputStream:75 - [STDERR_REDIRECT] SLF4J: Defaulting to no-operation (NOP) logger implementation
2025-09-29 09:30:42,980 [ERROR] LogOutputStream:75 - [STDERR_REDIRECT] SLF4J: See http://www.slf4j.org/codes.html#StaticLoggerBinder for further details.
2025-09-29 16:37:15,446 [INFO] Activator:176 - 


2025-09-29 16:37:15,451 [INFO] Activator:177 - !SESSION log4j initialized
2025-09-29 16:37:31,618 [INFO] LogOutputStream:77 - [STDOUT_REDIRECT] 
2025-09-29 16:37:34,166 [INFO] ApplicationProperties:184 - Using Application install path: C:\ST\STM32CubeIDE_1.14.0\STM32CubeIDE\plugins\com.st.stm32cube.common.mx_6.10.0.202311202037
2025-09-29 16:37:34,193 [INFO] DbMcusXml:78 - Set database path to: C:\ST\STM32CubeIDE_1.14.0\STM32CubeIDE\plugins\com.st.stm32cube.common.mx_6.10.0.202311202037\\db\/mcu/
2025-09-29 16:37:34,194 [INFO] ApiDb:274 - Set plugin database path to: C:\ST\STM32CubeIDE_1.14.0\STM32CubeIDE\plugins\com.st.stm32cube.common.mx_6.10.0.202311202037\\db\/plugins/boardmanager/
2025-09-29 16:37:34,194 [WARN] ApiDb:259 - Overriding images path with different value:  => C:\ST\STM32CubeIDE_1.14.0\STM32CubeIDE\plugins\com.st.stm32cube.common.mx_6.10.0.202311202037\\db\/plugins/mcufinder/images/
2025-09-29 16:37:34,209 [INFO] ApiDb:250 - Set database path to: C:\Users\sfkfa\.stmcufinder\plugins\mcufinder//mcu/
2025-09-29 16:37:34,211 [INFO] DbMcusAds:125 - Set database path to: C:\Users\sfkfa\.stmcufinder\plugins\mcufinder//mcu/
2025-09-29 16:37:34,214 [INFO] CrossReferenceDbSqlite:203 - Set database path to: C:\Users\sfkfa\.stmcufinder\plugins\mcufinder//mcu/cs/
2025-09-29 16:37:34,354 [INFO] RulesReader:64 - Compatibility file has been processed (297 Rules)
2025-09-29 16:37:34,483 [INFO] DbMcusXml:78 - Set database path to: C:\ST\STM32CubeIDE_1.14.0\STM32CubeIDE\plugins\com.st.stm32cube.common.mx_6.10.0.202311202037\\db\/mcu/
2025-09-29 16:37:34,483 [INFO] ApiDb:274 - Set plugin database path to: C:\ST\STM32CubeIDE_1.14.0\STM32CubeIDE\plugins\com.st.stm32cube.common.mx_6.10.0.202311202037\\db\/plugins/boardmanager/
2025-09-29 16:37:34,483 [INFO] ApiDb:261 - Set plugin images path to: C:\ST\STM32CubeIDE_1.14.0\STM32CubeIDE\plugins\com.st.stm32cube.common.mx_6.10.0.202311202037\\db\/plugins/mcufinder/images/
2025-09-29 16:37:34,483 [WARN] DbFile:41 - Overriding database path with different value: C:\Users\sfkfa\.stmcufinder\plugins\mcufinder/ => C:\Users\sfkfa\.stmcufinder\plugins\mcufinder
2025-09-29 16:37:34,483 [INFO] ApiDb:250 - Set database path to: C:\Users\sfkfa\.stmcufinder\plugins\mcufinder//mcu/
2025-09-29 16:37:34,485 [WARN] DbFile:41 - Overriding database path with different value: C:\Users\sfkfa\.stmcufinder\plugins\mcufinder/ => C:\Users\sfkfa\.stmcufinder\plugins\mcufinder
2025-09-29 16:37:34,485 [INFO] DbMcusAds:125 - Set database path to: C:\Users\sfkfa\.stmcufinder\plugins\mcufinder//mcu/
2025-09-29 16:37:34,485 [WARN] DbFile:41 - Overriding database path with different value: C:\Users\sfkfa\.stmcufinder\plugins\mcufinder/ => C:\Users\sfkfa\.stmcufinder\plugins\mcufinder
2025-09-29 16:37:34,485 [WARN] DbFile:41 - Overriding database path with different value: C:\Users\sfkfa\.stmcufinder\plugins\mcufinder/ => C:\Users\sfkfa\.stmcufinder\plugins\mcufinder
2025-09-29 16:37:34,485 [INFO] CrossReferenceDbSqlite:203 - Set database path to: C:\Users\sfkfa\.stmcufinder\plugins\mcufinder//mcu/cs/
2025-09-29 16:37:34,598 [INFO] MainPanel:264 - HeapMemory: 268435456
2025-09-29 16:37:34,742 [INFO] DbMcusXml:78 - Set database path to: C:\ST\STM32CubeIDE_1.14.0\STM32CubeIDE\plugins\com.st.stm32cube.common.mx_6.10.0.202311202037\\db\/mcu/
2025-09-29 16:37:34,742 [INFO] ApiDb:274 - Set plugin database path to: C:\ST\STM32CubeIDE_1.14.0\STM32CubeIDE\plugins\com.st.stm32cube.common.mx_6.10.0.202311202037\\db\/plugins/boardmanager/
2025-09-29 16:37:34,742 [INFO] ApiDb:261 - Set plugin images path to: C:\ST\STM32CubeIDE_1.14.0\STM32CubeIDE\plugins\com.st.stm32cube.common.mx_6.10.0.202311202037\\db\/plugins/mcufinder/images/
2025-09-29 16:37:34,743 [WARN] DbFile:41 - Overriding database path with different value: C:\Users\sfkfa\.stmcufinder\plugins\mcufinder/ => C:\Users\sfkfa\.stmcufinder\plugins\mcufinder
2025-09-29 16:37:34,743 [INFO] ApiDb:250 - Set database path to: C:\Users\sfkfa\.stmcufinder\plugins\mcufinder//mcu/
2025-09-29 16:37:34,743 [WARN] DbFile:41 - Overriding database path with different value: C:\Users\sfkfa\.stmcufinder\plugins\mcufinder/ => C:\Users\sfkfa\.stmcufinder\plugins\mcufinder
2025-09-29 16:37:34,743 [INFO] DbMcusAds:125 - Set database path to: C:\Users\sfkfa\.stmcufinder\plugins\mcufinder//mcu/
2025-09-29 16:37:34,743 [WARN] DbFile:41 - Overriding database path with different value: C:\Users\sfkfa\.stmcufinder\plugins\mcufinder/ => C:\Users\sfkfa\.stmcufinder\plugins\mcufinder
2025-09-29 16:37:34,743 [WARN] DbFile:41 - Overriding database path with different value: C:\Users\sfkfa\.stmcufinder\plugins\mcufinder/ => C:\Users\sfkfa\.stmcufinder\plugins\mcufinder
2025-09-29 16:37:34,744 [INFO] CrossReferenceDbSqlite:203 - Set database path to: C:\Users\sfkfa\.stmcufinder\plugins\mcufinder//mcu/cs/
2025-09-29 16:37:34,771 [INFO] ApplicationProperties:184 - Using Application install path: C:\ST\STM32CubeIDE_1.14.0\STM32CubeIDE\plugins\com.st.stm32cube.common.mx_6.10.0.202311202037
2025-09-29 16:37:34,774 [INFO] PluginManage:196 - Search for loadable plugins [exclusion list=, ]
2025-09-29 16:37:34,777 [INFO] PluginManage:310 - Check plugin analytics
2025-09-29 16:37:35,036 [INFO] AnalyticsPlugin:253 - Accepted Software Licenses: 
2025-09-29 16:37:35,037 [INFO] AnalyticsPlugin:255 - Accepted CMSIS Pack Licenses: 
2025-09-29 16:37:35,037 [INFO] AnalyticsPlugin:257 - Accepted Firmware Licenses: FW.F4.1.28.0,FW.L4.1.18.0
2025-09-29 16:37:35,040 [INFO] PluginManage:359 - Loaded plugin analytics (category:tool,tabindex:-1)
2025-09-29 16:37:35,040 [INFO] PluginManage:310 - Check plugin cadmodel
2025-09-29 16:37:35,065 [INFO] CADModel:105 - Init CAD model plugin
2025-09-29 16:37:35,066 [INFO] PluginManage:359 - Loaded plugin cadmodel (category:power,tabindex:5)
2025-09-29 16:37:35,066 [INFO] PluginManage:310 - Check plugin clock
2025-09-29 16:37:35,101 [INFO] PluginManage:359 - Loaded plugin clock (category:base,tabindex:2)
2025-09-29 16:37:35,102 [INFO] PluginManage:310 - Check plugin ddr
2025-09-29 16:37:35,106 [INFO] PluginManage:359 - Loaded plugin ddr (category:tool,tabindex:6)
2025-09-29 16:37:35,106 [INFO] PluginManage:310 - Check plugin filemanager
2025-09-29 16:37:35,292 [INFO] PluginManage:359 - Loaded plugin filemanager (category:base,tabindex:10)
2025-09-29 16:37:35,292 [INFO] PluginManage:310 - Check plugin ipmanager
2025-09-29 16:37:35,306 [INFO] PluginManage:359 - Loaded plugin ipmanager (category:base,tabindex:5)
2025-09-29 16:37:35,306 [INFO] PluginManage:310 - Check plugin lpbam
2025-09-29 16:37:35,344 [INFO] PluginManage:359 - Loaded plugin lpbam (category:base,tabindex:0)
2025-09-29 16:37:35,344 [INFO] PluginManage:310 - Check plugin memorymap
2025-09-29 16:37:35,386 [INFO] PluginManage:359 - Loaded plugin memorymap (category:base,tabindex:4)
2025-09-29 16:37:35,387 [INFO] PluginManage:310 - Check plugin pinoutandconfiguration
2025-09-29 16:37:35,431 [INFO] PluginManage:359 - Loaded plugin pinoutandconfiguration (category:base,tabindex:1)
2025-09-29 16:37:35,432 [INFO] PluginManage:310 - Check plugin pinoutconfig
2025-09-29 16:37:35,680 [WARN] SupportedApi:132 - Cannot load RTOS API schema: s4s-elt-must-match.1: The content of 'definitions' must match (annotation?, (simpleType | complexType)?, (unique | key | keyref)*)). A problem was found starting at: attribute.
2025-09-29 16:37:35,957 [INFO] PluginManage:359 - Loaded plugin pinoutconfig (category:base,tabindex:0)
2025-09-29 16:37:35,957 [INFO] PluginManage:310 - Check plugin power
2025-09-29 16:37:35,991 [INFO] PluginManage:359 - Loaded plugin power (category:power,tabindex:4)
2025-09-29 16:37:35,991 [INFO] PluginManage:310 - Check plugin projectmanager
2025-09-29 16:37:36,020 [INFO] PluginManage:359 - Loaded plugin projectmanager (category:projectmanager,tabindex:3)
2025-09-29 16:37:36,021 [INFO] PluginManage:310 - Check plugin thirdparty
2025-09-29 16:37:36,543 [INFO] PluginManage:359 - Loaded plugin thirdparty (category:base,tabindex:-1)
2025-09-29 16:37:36,543 [WARN] IntegrityCheckThread:84 - waiting for thirdparty lock release [integrity check]
2025-09-29 16:37:36,543 [INFO] PluginManage:310 - Check plugin tools
2025-09-29 16:37:36,543 [INFO] IntegrityCheckThread:86 - entering critical section [integrity check]
2025-09-29 16:37:36,543 [INFO] ThirdPartyUpdaterWithRetryManager:70 - Updater plugin not ready yet. [1/15]
2025-09-29 16:37:36,625 [INFO] PluginManage:359 - Loaded plugin tools (category:base,tabindex:7)
2025-09-29 16:37:36,625 [INFO] PluginManage:310 - Check plugin tutovideos
2025-09-29 16:37:36,994 [INFO] PluginManage:359 - Loaded plugin tutovideos (category:base,tabindex:-1)
2025-09-29 16:37:36,994 [INFO] PluginManage:310 - Check plugin updater
2025-09-29 16:37:37,020 [INFO] PluginManage:359 - Loaded plugin updater (category:base,tabindex:12)
2025-09-29 16:37:37,020 [INFO] PluginManage:310 - Check plugin userauth
2025-09-29 16:37:37,030 [INFO] UserAuth:114 - Init User Auth plugin
2025-09-29 16:37:37,030 [INFO] PluginManage:359 - Loaded plugin userauth (category:base,tabindex:14)
2025-09-29 16:37:37,032 [INFO] PluginManage:283 - PluginManage : Loaded plugins [17]
2025-09-29 16:37:37,517 [INFO] PinOutPanel:1499 - setPackage(No Configuration,No Configuration)
2025-09-29 16:37:37,678 [INFO] CADModel:165 - CPN selected for project level
2025-09-29 16:37:37,678 [INFO] CADModel:114 - Register for checkConnection events
2025-09-29 16:37:37,718 [INFO] IPUIPlugin:80 - create IPUIPlugin
2025-09-29 16:37:37,718 [INFO] PluginManager:220 - loadIPPluginJar : add adc
2025-09-29 16:37:37,778 [INFO] IPUIPlugin:80 - create IPUIPlugin
2025-09-29 16:37:37,778 [INFO] PluginManager:220 - loadIPPluginJar : add aes
2025-09-29 16:37:37,867 [INFO] IPUIPlugin:80 - create IPUIPlugin
2025-09-29 16:37:37,867 [INFO] PluginManager:220 - loadIPPluginJar : add can
2025-09-29 16:37:37,912 [INFO] IPUIPlugin:80 - create IPUIPlugin
2025-09-29 16:37:37,913 [INFO] PluginManager:220 - loadIPPluginJar : add comp
2025-09-29 16:37:37,977 [INFO] IPUIPlugin:80 - create IPUIPlugin
2025-09-29 16:37:37,977 [INFO] PluginManager:220 - loadIPPluginJar : add cryp
2025-09-29 16:37:38,035 [INFO] IPUIPlugin:80 - create IPUIPlugin
2025-09-29 16:37:38,036 [INFO] PluginManager:220 - loadIPPluginJar : add dfsdm
2025-09-29 16:37:38,060 [INFO] IPUIPlugin:80 - create IPUIPlugin
2025-09-29 16:37:38,060 [INFO] PluginManager:220 - loadIPPluginJar : add dma
2025-09-29 16:37:38,145 [INFO] IPUIPlugin:80 - create IPUIPlugin
2025-09-29 16:37:38,145 [INFO] PluginManager:220 - loadIPPluginJar : add dma3
2025-09-29 16:37:38,189 [INFO] IPUIPlugin:80 - create IPUIPlugin
2025-09-29 16:37:38,190 [INFO] PluginManager:220 - loadIPPluginJar : add fatfs
2025-09-29 16:37:38,283 [INFO] IPUIPlugin:80 - create IPUIPlugin
2025-09-29 16:37:38,283 [INFO] PluginManager:220 - loadIPPluginJar : add fmc
2025-09-29 16:37:38,315 [INFO] IPUIPlugin:80 - create IPUIPlugin
2025-09-29 16:37:38,316 [INFO] PluginManager:220 - loadIPPluginJar : add freertos
2025-09-29 16:37:38,355 [INFO] IPUIPlugin:80 - create IPUIPlugin
2025-09-29 16:37:38,355 [INFO] PluginManager:220 - loadIPPluginJar : add genericplugin
2025-09-29 16:37:38,562 [INFO] IPUIPlugin:80 - create IPUIPlugin
2025-09-29 16:37:38,564 [INFO] PluginManager:220 - loadIPPluginJar : add gfxmmu
2025-09-29 16:37:38,854 [INFO] IPUIPlugin:80 - create IPUIPlugin
2025-09-29 16:37:38,854 [INFO] PluginManager:220 - loadIPPluginJar : add gic
2025-09-29 16:37:38,875 [INFO] IPUIPlugin:80 - create IPUIPlugin
2025-09-29 16:37:38,875 [INFO] PluginManager:220 - loadIPPluginJar : add gpio
2025-09-29 16:37:39,041 [INFO] IPUIPlugin:80 - create IPUIPlugin
2025-09-29 16:37:39,041 [INFO] PluginManager:220 - loadIPPluginJar : add gtzc
2025-09-29 16:37:39,110 [INFO] IPUIPlugin:80 - create IPUIPlugin
2025-09-29 16:37:39,110 [INFO] PluginManager:220 - loadIPPluginJar : add hash
2025-09-29 16:37:39,221 [INFO] IPUIPlugin:80 - create IPUIPlugin
2025-09-29 16:37:39,221 [INFO] PluginManager:220 - loadIPPluginJar : add i2c
2025-09-29 16:37:39,304 [INFO] IPUIPlugin:80 - create IPUIPlugin
2025-09-29 16:37:39,304 [INFO] PluginManager:220 - loadIPPluginJar : add i2s
2025-09-29 16:37:39,398 [INFO] IPUIPlugin:80 - create IPUIPlugin
2025-09-29 16:37:39,398 [INFO] PluginManager:220 - loadIPPluginJar : add i3c
2025-09-29 16:37:39,544 [INFO] ThirdPartyUpdaterWithRetryManager:70 - Updater plugin not ready yet. [2/15]
2025-09-29 16:37:39,575 [INFO] IPUIPlugin:80 - create IPUIPlugin
2025-09-29 16:37:39,576 [INFO] PluginManager:220 - loadIPPluginJar : add ipddr
2025-09-29 16:37:39,736 [INFO] IPUIPlugin:80 - create IPUIPlugin
2025-09-29 16:37:39,736 [INFO] PluginManager:220 - loadIPPluginJar : add linkedlist
2025-09-29 16:37:39,796 [INFO] IPUIPlugin:80 - create IPUIPlugin
2025-09-29 16:37:39,796 [INFO] PluginManager:220 - loadIPPluginJar : add lorawan
2025-09-29 16:37:39,864 [INFO] IPUIPlugin:80 - create IPUIPlugin
2025-09-29 16:37:39,864 [INFO] PluginManager:220 - loadIPPluginJar : add ltdc
2025-09-29 16:37:39,895 [INFO] IPUIPlugin:80 - create IPUIPlugin
2025-09-29 16:37:39,895 [INFO] PluginManager:220 - loadIPPluginJar : add mdma
2025-09-29 16:37:39,913 [INFO] IPUIPlugin:80 - create IPUIPlugin
2025-09-29 16:37:39,914 [INFO] PluginManager:220 - loadIPPluginJar : add nvic
2025-09-29 16:37:39,971 [INFO] IPUIPlugin:80 - create IPUIPlugin
2025-09-29 16:37:39,971 [INFO] PluginManager:220 - loadIPPluginJar : add opamp
2025-09-29 16:37:40,083 [INFO] IPUIPlugin:80 - create IPUIPlugin
2025-09-29 16:37:40,084 [INFO] PluginManager:220 - loadIPPluginJar : add openamp
2025-09-29 16:37:40,160 [INFO] IPUIPlugin:80 - create IPUIPlugin
2025-09-29 16:37:40,160 [INFO] PluginManager:220 - loadIPPluginJar : add pdm2pcm
2025-09-29 16:37:40,181 [INFO] IPUIPlugin:80 - create IPUIPlugin
2025-09-29 16:37:40,183 [INFO] PluginManager:220 - loadIPPluginJar : add plateformsettings
2025-09-29 16:37:40,218 [INFO] IPUIPlugin:80 - create IPUIPlugin
2025-09-29 16:37:40,218 [INFO] PluginManager:220 - loadIPPluginJar : add quadspi
2025-09-29 16:37:40,240 [INFO] IPUIPlugin:80 - create IPUIPlugin
2025-09-29 16:37:40,240 [INFO] PluginManager:220 - loadIPPluginJar : add resmgrutility
2025-09-29 16:37:40,316 [INFO] IPUIPlugin:80 - create IPUIPlugin
2025-09-29 16:37:40,316 [INFO] PluginManager:220 - loadIPPluginJar : add sai
2025-09-29 16:37:40,397 [INFO] IPUIPlugin:80 - create IPUIPlugin
2025-09-29 16:37:40,397 [INFO] PluginManager:220 - loadIPPluginJar : add spi
2025-09-29 16:37:40,525 [INFO] IPUIPlugin:80 - create IPUIPlugin
2025-09-29 16:37:40,525 [INFO] PluginManager:220 - loadIPPluginJar : add stm32_wpan
2025-09-29 16:37:40,573 [INFO] IPUIPlugin:80 - create IPUIPlugin
2025-09-29 16:37:40,573 [INFO] PluginManager:220 - loadIPPluginJar : add tim
2025-09-29 16:37:40,683 [INFO] IPUIPlugin:80 - create IPUIPlugin
2025-09-29 16:37:40,683 [INFO] PluginManager:220 - loadIPPluginJar : add touchsensing
2025-09-29 16:37:40,719 [INFO] IPUIPlugin:80 - create IPUIPlugin
2025-09-29 16:37:40,720 [INFO] PluginManager:220 - loadIPPluginJar : add tracer_emb
2025-09-29 16:37:40,760 [INFO] IPUIPlugin:80 - create IPUIPlugin
2025-09-29 16:37:40,760 [INFO] PluginManager:220 - loadIPPluginJar : add ts
2025-09-29 16:37:40,800 [INFO] IPUIPlugin:80 - create IPUIPlugin
2025-09-29 16:37:40,800 [INFO] PluginManager:220 - loadIPPluginJar : add tsc
2025-09-29 16:37:40,834 [INFO] IPUIPlugin:80 - create IPUIPlugin
2025-09-29 16:37:40,834 [INFO] PluginManager:220 - loadIPPluginJar : add ucpd
2025-09-29 16:37:40,902 [INFO] IPUIPlugin:80 - create IPUIPlugin
2025-09-29 16:37:40,902 [INFO] PluginManager:220 - loadIPPluginJar : add usart
2025-09-29 16:37:40,980 [INFO] IPUIPlugin:80 - create IPUIPlugin
2025-09-29 16:37:40,980 [INFO] PluginManager:220 - loadIPPluginJar : add usbx
2025-09-29 16:37:41,226 [INFO] CADModel:165 - CPN selected for project level
2025-09-29 16:37:41,226 [INFO] CADModel:114 - Register for checkConnection events
2025-09-29 16:37:41,226 [FATAL] Updater:308 - Updater called before beeing initialized
2025-09-29 16:37:41,227 [ERROR] CADModel:125 - Updater not yet initialized, retry later 
2025-09-29 16:37:41,432 [INFO] CADModel:165 - CPN selected for project level
2025-09-29 16:37:41,432 [INFO] CADModel:114 - Register for checkConnection events
2025-09-29 16:37:41,432 [FATAL] Updater:308 - Updater called before beeing initialized
2025-09-29 16:37:41,433 [ERROR] CADModel:125 - Updater not yet initialized, retry later 
2025-09-29 16:37:41,438 [FATAL] Updater:308 - Updater called before beeing initialized
2025-09-29 16:37:41,620 [FATAL] Updater:308 - Updater called before beeing initialized
2025-09-29 16:37:41,637 [INFO] DbMcusAds:53 - JSON generation date=Tue Jul 08 13:44:23 IST 2025 (1751962463524)
2025-09-29 16:37:41,637 [FATAL] Updater:308 - Updater called before beeing initialized
2025-09-29 16:37:41,748 [WARN] DetailPanel:346 - Failed to get advertising image, set to default
2025-09-29 16:37:41,893 [FATAL] Updater:308 - Updater called before beeing initialized
2025-09-29 16:37:41,898 [FATAL] Updater:308 - Updater called before beeing initialized
2025-09-29 16:37:41,899 [FATAL] Updater:308 - Updater called before beeing initialized
2025-09-29 16:37:41,899 [WARN] DetailPanel:346 - Failed to get advertising image, set to default
2025-09-29 16:37:41,900 [FATAL] Updater:308 - Updater called before beeing initialized
2025-09-29 16:37:42,002 [ERROR] Updater:1120 - MainUpdater not yet initialized. External WinMGr cannot be set.
2025-09-29 16:37:42,018 [INFO] Updater:1056 - Updater Version found : 6.10.0
2025-09-29 16:37:42,038 [INFO] ApplicationProperties:184 - Using Application install path: C:\ST\STM32CubeIDE_1.14.0\STM32CubeIDE\plugins\com.st.stm32cube.common.mx_6.10.0.202311202037
2025-09-29 16:37:42,545 [INFO] ThirdPartyUpdaterWithRetryManager:70 - Updater plugin not ready yet. [3/15]
2025-09-29 16:37:42,555 [INFO] MainUpdater:2873 - connection check result : 10
2025-09-29 16:37:42,557 [INFO] MainUpdater:290 - Updater Check For Update Now.
2025-09-29 16:37:42,557 [INFO] MicroXplorer:498 - Change Database Version : DB.6.0.100
2025-09-29 16:37:42,587 [INFO] McuFinderGlobals:63 - Set McuFinder mode to 2 (CubeIDE integrated)
2025-09-29 16:37:42,823 [INFO] CheckServerUpdateThread:120 - End of CheckServer Thread
2025-09-29 16:37:42,981 [INFO] UserAuth:404 - Internet connection configuration mode: 1
2025-09-29 16:37:43,033 [INFO] JxBrowserEngine:152 - Initiate JxBrowser Engine with user profile folder
2025-09-29 16:37:45,999 [WARN] PackLoader:240 - Cannot read IP mode file for STMicroelectronics.FP-SNS-MOTENVWB1.1.4.0
2025-09-29 16:37:46,020 [WARN] PackLoader:240 - Cannot read IP mode file for STMicroelectronics.FP-ATR-ASTRA1.2.0.2
2025-09-29 16:37:46,039 [WARN] PackLoader:240 - Cannot read IP mode file for STMicroelectronics.FP-ATR-ASTRA1.2.0.1
2025-09-29 16:37:46,061 [WARN] PackLoader:240 - Cannot read IP mode file for STMicroelectronics.X-CUBE-SMBUS.2.1.0
2025-09-29 16:37:46,087 [WARN] PackLoader:240 - Cannot read IP mode file for STMicroelectronics.X-CUBE-WB05N.1.1.0
2025-09-29 16:37:46,109 [ERROR] Engine:466 - C:\Users\sfkfa\.stm32cubemx\thirdparties\pdsc\STMicroelectronics.X-CUBE-ST60.1.0.0.pdsc: PDSC version is not supported
2025-09-29 16:37:46,131 [WARN] PackLoader:240 - Cannot read IP mode file for STMicroelectronics.X-CUBE-TOUCHGFX.4.23.1
2025-09-29 16:37:46,184 [WARN] PackLoader:240 - Cannot read IP mode file for STMicroelectronics.X-CUBE-AZRTOS-F7.1.1.0
2025-09-29 16:37:46,216 [WARN] PackLoader:240 - Cannot read IP mode file for STMicroelectronics.FP-SNS-MOTENV1.4.3.2
2025-09-29 16:37:46,319 [WARN] PackLoader:240 - Cannot read IP mode file for STMicroelectronics.X-CUBE-MEMS1.11.0.0
2025-09-29 16:37:46,474 [WARN] PackLoader:240 - Cannot read IP mode file for STMicroelectronics.FP-SNS-FLIGHT1.5.0.2
2025-09-29 16:37:46,518 [WARN] PackLoader:240 - Cannot read IP mode file for STMicroelectronics.X-CUBE-AZRTOS-H7.3.4.0
2025-09-29 16:37:46,551 [WARN] PackLoader:240 - Cannot read IP mode file for STMicroelectronics.X-CUBE-DISPLAY.3.0.0
2025-09-29 16:37:46,597 [WARN] PackLoader:240 - Cannot read IP mode file for STMicroelectronics.X-CUBE-BLE1.7.0.0
2025-09-29 16:37:46,630 [WARN] PackLoader:240 - Cannot read IP mode file for STMicroelectronics.X-CUBE-NFC10.1.0.0
2025-09-29 16:37:46,684 [WARN] PackLoader:240 - Cannot read IP mode file for STMicroelectronics.X-CUBE-BLEMGR.4.0.0
2025-09-29 16:37:46,729 [WARN] PackLoader:240 - Cannot read IP mode file for emotas.I-CUBE-CANOPEN.1.3.0
2025-09-29 16:37:46,759 [WARN] PackLoader:240 - Cannot read IP mode file for STMicroelectronics.X-CUBE-BLEMGR.3.1.0
2025-09-29 16:37:46,785 [WARN] PackLoader:240 - Cannot read IP mode file for STMicroelectronics.X-CUBE-AI.10.0.0
2025-09-29 16:37:46,807 [ERROR] Engine:466 - C:\Users\sfkfa\.stm32cubemx\thirdparties\pdsc\STMicroelectronics.FP-SNS-STBOX1.2.1.0.pdsc: PDSC version is not supported
2025-09-29 16:37:46,831 [WARN] PackLoader:240 - Cannot read IP mode file for STMicroelectronics.FP-SNS-SMARTAG2.1.2.0
2025-09-29 16:37:46,885 [ERROR] Engine:466 - C:\Users\sfkfa\.stm32cubemx\thirdparties\pdsc\STMicroelectronics.FP-SNS-FLIGHT1.5.1.0.pdsc: PDSC version is not supported
2025-09-29 16:37:46,995 [WARN] PackLoader:240 - Cannot read IP mode file for STMicroelectronics.X-CUBE-MEMS1.11.1.0
2025-09-29 16:37:47,283 [INFO] LogOutputStream:77 - [STDOUT_REDIRECT] 1 : Invalid condition id : UX_CORESTACK_Condition cause : null
2025-09-29 16:37:47,284 [INFO] LogOutputStream:77 - [STDOUT_REDIRECT] 1 : Invalid condition id : UX_CORESTACK_Condition cause : null
2025-09-29 16:37:47,285 [INFO] LogOutputStream:77 - [STDOUT_REDIRECT] 1 : Invalid condition id : UX_CORESTACK_Condition cause : null
2025-09-29 16:37:47,286 [INFO] LogOutputStream:77 - [STDOUT_REDIRECT] 1 : Invalid condition id : UX_CORESTACK_Condition cause : null
2025-09-29 16:37:47,287 [INFO] LogOutputStream:77 - [STDOUT_REDIRECT] 1 : Invalid condition id : UX_CORESTACK_Condition cause : null
2025-09-29 16:37:47,291 [WARN] PackLoader:240 - Cannot read IP mode file for STMicroelectronics.X-CUBE-AZRTOS-WL.2.0.0
2025-09-29 16:37:47,317 [WARN] PackLoader:240 - Cannot read IP mode file for STMicroelectronics.FP-SNS-MOTENV1.5.0.0
2025-09-29 16:37:47,349 [WARN] PackLoader:240 - Cannot read IP mode file for wolfSSL.I-CUBE-wolfMQTT.1.19.0
2025-09-29 16:37:47,383 [WARN] PackLoader:240 - Cannot read IP mode file for WES.I-CUBE-Cesium.1.3.0
2025-09-29 16:37:47,409 [WARN] PackLoader:240 - Cannot read IP mode file for STMicroelectronics.X-CUBE-BLE2.3.3.0
2025-09-29 16:37:47,438 [WARN] PackLoader:240 - Cannot read IP mode file for STMicroelectronics.X-CUBE-NFC9.1.0.0
2025-09-29 16:37:47,470 [WARN] PackLoader:240 - Cannot read IP mode file for STMicroelectronics.X-CUBE-BLE1.7.1.0
2025-09-29 16:37:47,504 [WARN] PackLoader:240 - Cannot read IP mode file for STMicroelectronics.X-CUBE-TCPP.4.1.0
2025-09-29 16:37:47,545 [WARN] PackLoader:240 - Cannot read IP mode file for STMicroelectronics.X-CUBE-EEPRMA1.5.2.0
2025-09-29 16:37:47,588 [WARN] PackLoader:240 - Cannot read IP mode file for STMicroelectronics.X-CUBE-ALGOBUILD.1.3.0
2025-09-29 16:37:47,714 [WARN] PackLoader:240 - Cannot read IP mode file for STMicroelectronics.X-CUBE-MEMS1.11.2.0
2025-09-29 16:37:47,913 [WARN] PackLoader:240 - Cannot read IP mode file for STMicroelectronics.X-CUBE-AZRTOS-G0.1.1.0
2025-09-29 16:37:47,943 [WARN] PackLoader:240 - Cannot read IP mode file for STMicroelectronics.X-CUBE-SAFEA1.1.2.2
2025-09-29 16:37:47,970 [WARN] PackLoader:240 - Cannot read IP mode file for STMicroelectronics.X-CUBE-NFC4.3.0.0
2025-09-29 16:37:47,977 [INFO] WebApp:161 - Instantiating new browser for Auth
2025-09-29 16:37:48,003 [WARN] PackLoader:240 - Cannot read IP mode file for EmbeddedOffice.I-CUBE-FS-RTOS.1.0.1
2025-09-29 16:37:48,004 [ERROR] ConditionMgr:805 - Attr not supported : Dmpu
2025-09-29 16:37:48,005 [ERROR] ConditionMgr:805 - Attr not supported : Dmpu
2025-09-29 16:37:48,005 [ERROR] ConditionMgr:805 - Attr not supported : Dmpu
2025-09-29 16:37:48,005 [ERROR] ConditionMgr:805 - Attr not supported : Dmpu
2025-09-29 16:37:48,006 [ERROR] ConditionMgr:805 - Attr not supported : Dmpu
2025-09-29 16:37:48,006 [ERROR] ConditionMgr:805 - Attr not supported : Dmpu
2025-09-29 16:37:48,006 [ERROR] ConditionMgr:805 - Attr not supported : Dmpu
2025-09-29 16:37:48,006 [ERROR] ConditionMgr:805 - Attr not supported : Dmpu
2025-09-29 16:37:48,006 [ERROR] ConditionMgr:805 - Attr not supported : Dmpu
2025-09-29 16:37:48,006 [ERROR] ConditionMgr:805 - Attr not supported : Dmpu
2025-09-29 16:37:48,006 [ERROR] ConditionMgr:805 - Attr not supported : Dmpu
2025-09-29 16:37:48,007 [ERROR] ConditionMgr:805 - Attr not supported : Dmpu
2025-09-29 16:37:48,007 [ERROR] ConditionMgr:805 - Attr not supported : Dmpu
2025-09-29 16:37:48,007 [ERROR] ConditionMgr:805 - Attr not supported : Dmpu
2025-09-29 16:37:48,007 [ERROR] ConditionMgr:805 - Attr not supported : Dmpu
2025-09-29 16:37:48,007 [ERROR] ConditionMgr:805 - Attr not supported : Dmpu
2025-09-29 16:37:48,007 [ERROR] ConditionMgr:805 - Attr not supported : Dmpu
2025-09-29 16:37:48,007 [ERROR] ConditionMgr:805 - Attr not supported : Dmpu
2025-09-29 16:37:48,007 [ERROR] ConditionMgr:805 - Attr not supported : Dmpu
2025-09-29 16:37:48,008 [ERROR] ConditionMgr:805 - Attr not supported : Dmpu
2025-09-29 16:37:48,008 [ERROR] ConditionMgr:805 - Attr not supported : Dmpu
2025-09-29 16:37:48,008 [ERROR] ConditionMgr:805 - Attr not supported : Dmpu
2025-09-29 16:37:48,008 [ERROR] ConditionMgr:805 - Attr not supported : Dmpu
2025-09-29 16:37:48,008 [ERROR] ConditionMgr:805 - Attr not supported : Dmpu
2025-09-29 16:37:48,008 [ERROR] ConditionMgr:805 - Attr not supported : Dmpu
2025-09-29 16:37:48,008 [ERROR] ConditionMgr:805 - Attr not supported : Dmpu
2025-09-29 16:37:48,008 [ERROR] ConditionMgr:805 - Attr not supported : Dmpu
2025-09-29 16:37:48,008 [ERROR] ConditionMgr:805 - Attr not supported : Dmpu
2025-09-29 16:37:48,009 [ERROR] ConditionMgr:805 - Attr not supported : Dmpu
2025-09-29 16:37:48,009 [ERROR] ConditionMgr:805 - Attr not supported : Dmpu
2025-09-29 16:37:48,010 [ERROR] ConditionMgr:805 - Attr not supported : Dmpu
2025-09-29 16:37:48,010 [ERROR] ConditionMgr:805 - Attr not supported : Dmpu
2025-09-29 16:37:48,011 [ERROR] ConditionMgr:805 - Attr not supported : Dmpu
2025-09-29 16:37:48,011 [ERROR] ConditionMgr:805 - Attr not supported : Dmpu
2025-09-29 16:37:48,011 [ERROR] ConditionMgr:805 - Attr not supported : Dmpu
2025-09-29 16:37:48,011 [ERROR] ConditionMgr:805 - Attr not supported : Dmpu
2025-09-29 16:37:48,011 [ERROR] ConditionMgr:805 - Attr not supported : Dmpu
2025-09-29 16:37:48,012 [ERROR] ConditionMgr:805 - Attr not supported : Dmpu
2025-09-29 16:37:48,012 [ERROR] ConditionMgr:805 - Attr not supported : Dmpu
2025-09-29 16:37:48,012 [ERROR] ConditionMgr:805 - Attr not supported : Dmpu
2025-09-29 16:37:48,012 [ERROR] ConditionMgr:805 - Attr not supported : Dmpu
2025-09-29 16:37:48,012 [ERROR] ConditionMgr:805 - Attr not supported : Dmpu
2025-09-29 16:37:48,012 [ERROR] ConditionMgr:805 - Attr not supported : Dmpu
2025-09-29 16:37:48,012 [ERROR] ConditionMgr:805 - Attr not supported : Dmpu
2025-09-29 16:37:48,012 [ERROR] ConditionMgr:805 - Attr not supported : Dmpu
2025-09-29 16:37:48,013 [ERROR] ConditionMgr:805 - Attr not supported : Dmpu
2025-09-29 16:37:48,013 [ERROR] ConditionMgr:805 - Attr not supported : Dmpu
2025-09-29 16:37:48,013 [ERROR] ConditionMgr:805 - Attr not supported : Dmpu
2025-09-29 16:37:48,013 [ERROR] ConditionMgr:805 - Attr not supported : Dmpu
2025-09-29 16:37:48,013 [ERROR] ConditionMgr:805 - Attr not supported : Dmpu
2025-09-29 16:37:48,013 [ERROR] ConditionMgr:805 - Attr not supported : Dmpu
2025-09-29 16:37:48,013 [ERROR] ConditionMgr:805 - Attr not supported : Dmpu
2025-09-29 16:37:48,013 [ERROR] ConditionMgr:805 - Attr not supported : Dmpu
2025-09-29 16:37:48,014 [ERROR] ConditionMgr:805 - Attr not supported : Dmpu
2025-09-29 16:37:48,014 [ERROR] ConditionMgr:805 - Attr not supported : Dmpu
2025-09-29 16:37:48,014 [ERROR] ConditionMgr:805 - Attr not supported : Dmpu
2025-09-29 16:37:48,014 [ERROR] ConditionMgr:805 - Attr not supported : Dmpu
2025-09-29 16:37:48,014 [ERROR] ConditionMgr:805 - Attr not supported : Dmpu
2025-09-29 16:37:48,014 [ERROR] ConditionMgr:805 - Attr not supported : Dmpu
2025-09-29 16:37:48,014 [ERROR] ConditionMgr:805 - Attr not supported : Dmpu
2025-09-29 16:37:48,014 [ERROR] ConditionMgr:805 - Attr not supported : Dmpu
2025-09-29 16:37:48,014 [ERROR] ConditionMgr:805 - Attr not supported : Dmpu
2025-09-29 16:37:48,015 [ERROR] ConditionMgr:805 - Attr not supported : Dmpu
2025-09-29 16:37:48,015 [ERROR] ConditionMgr:805 - Attr not supported : Dmpu
2025-09-29 16:37:48,049 [WARN] PackLoader:240 - Cannot read IP mode file for STMicroelectronics.X-CUBE-WB05N.2.0.0
2025-09-29 16:37:48,089 [WARN] PackLoader:240 - Cannot read IP mode file for STMicroelectronics.X-CUBE-BLEMGR.3.0.0
2025-09-29 16:37:48,112 [ERROR] Engine:466 - C:\Users\sfkfa\.stm32cubemx\thirdparties\pdsc\STMicroelectronics.X-CUBE-TCPP.4.2.0.pdsc: PDSC version is not supported
2025-09-29 16:37:48,139 [WARN] PackLoader:240 - Cannot read IP mode file for RealThread.X-CUBE-RT-Thread_Nano.4.1.1
2025-09-29 16:37:48,165 [WARN] PackLoader:240 - Cannot read IP mode file for wolfSSL.I-CUBE-wolfSSL.5.7.0
2025-09-29 16:37:48,190 [WARN] PackLoader:240 - Cannot read IP mode file for STMicroelectronics.FP-ATR-SIGFOX1.3.2.0
2025-09-29 16:37:48,218 [WARN] ConditionMgr:438 - getConditionDescription Invalid condition id : Cortex-A Device cause : null
2025-09-29 16:37:48,262 [WARN] ConditionMgr:1039 - genDependencies : Invalid condition id : Cortex-A Device cause : null
2025-09-29 16:37:48,262 [WARN] ConditionMgr:1039 - genDependencies : Invalid condition id : Cortex-A Device cause : null
2025-09-29 16:37:48,262 [WARN] ConditionMgr:1039 - genDependencies : Invalid condition id : Cortex-A Device cause : null
2025-09-29 16:37:48,299 [WARN] PackLoader:240 - Cannot read IP mode file for STMicroelectronics.X-CUBE-EEPRMA1.5.1.0
2025-09-29 16:37:48,346 [WARN] PackLoader:240 - Cannot read IP mode file for ITTIA_DB.I-CUBE-ITTIADB.8.9.0
2025-09-29 16:37:48,373 [ERROR] Engine:466 - C:\Users\sfkfa\.stm32cubemx\thirdparties\pdsc\STMicroelectronics.X-CUBE-ST67W61.1.0.0.pdsc: PDSC version is not supported
2025-09-29 16:37:48,396 [WARN] PackLoader:240 - Cannot read IP mode file for STMicroelectronics.X-CUBE-AI.10.2.0
2025-09-29 16:37:48,450 [WARN] PackLoader:240 - Cannot read IP mode file for SEGGER.I-CUBE-embOS.1.3.1
2025-09-29 16:37:48,507 [WARN] PackLoader:240 - Cannot read IP mode file for STMicroelectronics.X-CUBE-ALGOBUILD.1.4.0
2025-09-29 16:37:48,576 [WARN] PackLoader:240 - Cannot read IP mode file for STMicroelectronics.X-CUBE-MEMS1.11.3.0
2025-09-29 16:37:48,727 [WARN] PackLoader:240 - Cannot read IP mode file for STMicroelectronics.X-CUBE-AI.9.1.0
2025-09-29 16:37:48,755 [WARN] PackLoader:240 - Cannot read IP mode file for STMicroelectronics.X-CUBE-PM33A1.1.0.0
2025-09-29 16:37:48,783 [WARN] PackLoader:240 - Cannot read IP mode file for STMicroelectronics.X-CUBE-GNSS1.6.0.0
2025-09-29 16:37:48,825 [WARN] PackLoader:240 - Cannot read IP mode file for STMicroelectronics.X-CUBE-AZRTOS-F4.1.1.0
2025-09-29 16:37:48,845 [ERROR] Engine:466 - C:\Users\sfkfa\.stm32cubemx\thirdparties\pdsc\Avnet-IotConnect.X-CUBE-IoTC-DA16k-PMOD.1.0.0.pdsc: PDSC version is not supported
2025-09-29 16:37:48,868 [WARN] PackLoader:240 - Cannot read IP mode file for STMicroelectronics.X-CUBE-ISPU.2.1.0
2025-09-29 16:37:48,891 [WARN] PackLoader:240 - Cannot read IP mode file for STMicroelectronics.X-CUBE-FREERTOS.1.2.0
2025-09-29 16:37:48,915 [WARN] PackLoader:240 - Cannot read IP mode file for STMicroelectronics.X-CUBE-NFC12.1.0.0
2025-09-29 16:37:48,961 [WARN] PackLoader:240 - Cannot read IP mode file for STMicroelectronics.X-CUBE-AZRTOS-L5.2.0.0
2025-09-29 16:37:48,986 [INFO] WebApp:780 - Register for checkConnection events
2025-09-29 16:37:48,988 [INFO] WebApp:414 - Apply proxy settings
2025-09-29 16:37:48,988 [INFO] WebApp:499 - Chromium requires no authentication
2025-09-29 16:37:48,989 [WARN] PackLoader:240 - Cannot read IP mode file for STMicroelectronics.X-CUBE-NFC6.3.1.0
2025-09-29 16:37:49,003 [INFO] WebApp:442 - Direct internet connection detected
2025-09-29 16:37:49,015 [WARN] PackLoader:240 - Cannot read IP mode file for STMicroelectronics.X-CUBE-DPower.1.2.0
2025-09-29 16:37:49,037 [WARN] PackLoader:240 - Cannot read IP mode file for STMicroelectronics.X-CUBE-AI.9.0.0
2025-09-29 16:37:49,060 [WARN] PackLoader:240 - Cannot read IP mode file for STMicroelectronics.X-CUBE-FREERTOS.1.3.1
2025-09-29 16:37:49,082 [WARN] PackLoader:240 - Cannot read IP mode file for STMicroelectronics.X-CUBE-FREERTOS.1.3.0
2025-09-29 16:37:49,106 [WARN] PackLoader:240 - Cannot read IP mode file for STMicroelectronics.X-CUBE-NFC7.1.0.1
2025-09-29 16:37:49,128 [ERROR] Engine:466 - C:\Users\sfkfa\.stm32cubemx\thirdparties\pdsc\STMicroelectronics.FP-SNS-STAIOTCFT.1.0.0.pdsc: PDSC version is not supported
2025-09-29 16:37:49,152 [WARN] PackLoader:240 - Cannot read IP mode file for STMicroelectronics.X-CUBE-DPower.1.3.0
2025-09-29 16:37:49,174 [WARN] PackLoader:240 - Cannot read IP mode file for STMicroelectronics.X-CUBE-AI.8.1.0
2025-09-29 16:37:49,223 [WARN] ConditionMgr:438 - getConditionDescription Invalid condition id : LAN8742 Phy interface Condition cause : null
2025-09-29 16:37:49,224 [WARN] PackLoader:240 - Cannot read IP mode file for STMicroelectronics.X-CUBE-AZRTOS-L4.2.0.0
2025-09-29 16:37:49,226 [WARN] ConditionMgr:1039 - genDependencies : Invalid condition id : LAN8742 Phy interface Condition cause : null
2025-09-29 16:37:49,227 [WARN] ConditionMgr:1039 - genDependencies : Invalid condition id : LAN8742 Phy interface Condition cause : null
2025-09-29 16:37:49,228 [WARN] ConditionMgr:1039 - genDependencies : Invalid condition id : LAN8742 Phy interface Condition cause : null
2025-09-29 16:37:49,256 [WARN] PackLoader:240 - Cannot read IP mode file for STMicroelectronics.X-CUBE-SFXS2LP1.4.0.0
2025-09-29 16:37:49,296 [WARN] PackLoader:240 - Cannot read IP mode file for STMicroelectronics.X-CUBE-AZRTOS-H7.3.3.0
2025-09-29 16:37:49,304 [INFO] WebApp:192 - Starting web application
2025-09-29 16:37:49,304 [INFO] WebApp:544 - Web application path used C:\ST\STM32CubeIDE_1.14.0\STM32CubeIDE\plugins\com.st.stm32cube.common.mx_6.10.0.202311202037\db\plugins\mcufinder\reactClient1\index.html
2025-09-29 16:37:49,326 [ERROR] Engine:466 - C:\Users\sfkfa\.stm32cubemx\thirdparties\pdsc\STMicroelectronics.X-CUBE-BLEMGR.4.1.0.pdsc: PDSC version is not supported
2025-09-29 16:37:49,358 [WARN] PackLoader:240 - Cannot read IP mode file for STMicroelectronics.X-CUBE-IPS.3.0.0
2025-09-29 16:37:49,407 [WARN] ConditionMgr:438 - getConditionDescription Invalid condition id : UX DEVICE CLASS RTOS Condition cause : null
2025-09-29 16:37:49,407 [WARN] ConditionMgr:438 - getConditionDescription Invalid condition id : UX DEVICE CLASS RTOS Condition cause : null
2025-09-29 16:37:49,411 [WARN] PackLoader:240 - Cannot read IP mode file for STMicroelectronics.X-CUBE-AZRTOS-WB.2.0.0
2025-09-29 16:37:49,412 [WARN] ConditionMgr:1039 - genDependencies : Invalid condition id : UX DEVICE CLASS RTOS Condition cause : null
2025-09-29 16:37:49,412 [WARN] ConditionMgr:1039 - genDependencies : Invalid condition id : UX DEVICE CLASS RTOS Condition cause : null
2025-09-29 16:37:49,412 [WARN] ConditionMgr:1039 - genDependencies : Invalid condition id : UX DEVICE CLASS RTOS Condition cause : null
2025-09-29 16:37:49,413 [WARN] ConditionMgr:1039 - genDependencies : Invalid condition id : UX DEVICE CLASS RTOS Condition cause : null
2025-09-29 16:37:49,413 [WARN] ConditionMgr:1039 - genDependencies : Invalid condition id : UX DEVICE CLASS RTOS Condition cause : null
2025-09-29 16:37:49,439 [WARN] PackLoader:240 - Cannot read IP mode file for STMicroelectronics.X-CUBE-GNSS1.7.0.0
2025-09-29 16:37:49,462 [WARN] PackLoader:240 - Cannot read IP mode file for STMicroelectronics.X-CUBE-GNSS1.7.0.1
2025-09-29 16:37:49,484 [WARN] PackLoader:240 - Cannot read IP mode file for STMicroelectronics.X-CUBE-TOUCHGFX.4.25.0
2025-09-29 16:37:49,526 [WARN] PackLoader:240 - Cannot read IP mode file for STMicroelectronics.FP-SNS-STBOX1.2.0.0
2025-09-29 16:37:49,567 [WARN] PackLoader:240 - Cannot read IP mode file for STMicroelectronics.X-CUBE-SUBG2.5.0.0
2025-09-29 16:37:49,621 [WARN] PackLoader:240 - Cannot read IP mode file for STMicroelectronics.X-CUBE-AZRTOS-H7RS.1.1.0
2025-09-29 16:37:49,661 [WARN] PackLoader:240 - Cannot read IP mode file for Cesanta.I-CUBE-Mongoose.7.13.0
2025-09-29 16:37:49,700 [WARN] PackLoader:240 - Cannot read IP mode file for STMicroelectronics.X-CUBE-AZRTOS-G4.2.0.0
2025-09-29 16:37:49,733 [WARN] PackLoader:240 - Cannot read IP mode file for STMicroelectronics.X-CUBE-NFC7.2.0.0
2025-09-29 16:37:49,764 [WARN] PackLoader:240 - Cannot read IP mode file for STMicroelectronics.FP-SNS-MOTENVWB1.1.3.1
2025-09-29 16:37:49,791 [WARN] PackLoader:240 - Cannot read IP mode file for STMicroelectronics.X-CUBE-ISPU.2.0.0
2025-09-29 16:37:49,828 [ERROR] Engine:466 - C:\Users\sfkfa\.stm32cubemx\thirdparties\pdsc\STMicroelectronics.X-CUBE-IPS.3.1.0.pdsc: PDSC version is not supported
2025-09-29 16:37:49,859 [WARN] PackLoader:240 - Cannot read IP mode file for STMicroelectronics.X-CUBE-ALS.1.0.2
2025-09-29 16:37:49,930 [WARN] PackLoader:240 - Cannot read IP mode file for STMicroelectronics.X-CUBE-MEMS1.10.0.0
2025-09-29 16:37:50,045 [WARN] PackLoader:240 - Cannot read IP mode file for STMicroelectronics.X-CUBE-FREERTOS.1.1.0
2025-09-29 16:37:50,074 [WARN] PackLoader:240 - Cannot read IP mode file for STMicroelectronics.X-CUBE-TOUCHGFX.4.24.0
2025-09-29 16:37:50,101 [WARN] PackLoader:240 - Cannot read IP mode file for STMicroelectronics.X-CUBE-TOUCHGFX.4.24.2
2025-09-29 16:37:50,128 [WARN] PackLoader:240 - Cannot read IP mode file for STMicroelectronics.X-CUBE-TOUCHGFX.4.24.1
2025-09-29 16:37:50,155 [WARN] PackLoader:240 - Cannot read IP mode file for STMicroelectronics.X-CUBE-STSE01.1.0.0
2025-09-29 16:37:50,181 [WARN] PackLoader:240 - Cannot read IP mode file for wolfSSL.I-CUBE-wolfTPM.3.4.0
2025-09-29 16:37:50,210 [WARN] PackLoader:240 - Cannot read IP mode file for portGmbH.I-Cube-SoM-uGOAL.1.1.0
2025-09-29 16:37:50,235 [WARN] PackLoader:240 - Cannot read IP mode file for STMicroelectronics.X-CUBE-ALS.1.0.1
2025-09-29 16:37:50,273 [WARN] PackLoader:240 - Cannot read IP mode file for STMicroelectronics.X-CUBE-AZRTOS-H7RS.1.0.0
2025-09-29 16:37:50,301 [WARN] PackLoader:240 - Cannot read IP mode file for STMicroelectronics.FP-ATR-ASTRA1.2.0.0
2025-09-29 16:37:50,331 [WARN] PackLoader:240 - Cannot read IP mode file for STMicroelectronics.X-CUBE-TOF1.3.4.2
2025-09-29 16:37:50,367 [ERROR] Engine:466 - C:\Users\sfkfa\.stm32cubemx\thirdparties\pdsc\STMicroelectronics.X-CUBE-TOF1.3.4.3.pdsc: PDSC version is not supported
2025-09-29 16:37:50,403 [WARN] PackLoader:240 - Cannot read IP mode file for STMicroelectronics.X-CUBE-TOF1.3.4.1
2025-09-29 16:37:50,456 [WARN] PackLoader:240 - Cannot read IP mode file for STMicroelectronics.X-CUBE-AZRTOS-H7.3.2.0
2025-09-29 16:37:50,498 [WARN] PackLoader:240 - Cannot read IP mode file for Infineon.AIROC-Wi-Fi-Bluetooth-STM32.1.6.0
2025-09-29 16:37:50,537 [WARN] PackLoader:240 - Cannot read IP mode file for wolfSSL.I-CUBE-wolfSSH.1.4.17
2025-09-29 16:37:50,539 [INFO] ThirdParty:978 - Integrity check success = true
2025-09-29 16:37:50,539 [INFO] IntegrityCheckThread:100 - exiting critical section [integrity check]
2025-09-29 16:37:50,539 [INFO] IntegrityCheckThread:103 - End integrity checks thread
2025-09-29 16:38:12,408 [ERROR] LogOutputStream:75 - [STDERR_REDIRECT] SLF4J: Failed to load class "org.slf4j.impl.StaticLoggerBinder".
2025-09-29 16:38:12,409 [ERROR] LogOutputStream:75 - [STDERR_REDIRECT] SLF4J: Defaulting to no-operation (NOP) logger implementation
2025-09-29 16:38:12,411 [ERROR] LogOutputStream:75 - [STDERR_REDIRECT] SLF4J: See http://www.slf4j.org/codes.html#StaticLoggerBinder for further details.
2025-09-29 19:47:42,839 [ERROR] LogOutputStream:75 - [STDERR_REDIRECT] 
